ARM GAS  /tmp/ccNs6wH9.s 			page 1


   1              		.cpu cortex-m7
   2              		.eabi_attribute 28, 1
   3              		.eabi_attribute 20, 1
   4              		.eabi_attribute 21, 1
   5              		.eabi_attribute 23, 3
   6              		.eabi_attribute 24, 1
   7              		.eabi_attribute 25, 1
   8              		.eabi_attribute 26, 1
   9              		.eabi_attribute 30, 2
  10              		.eabi_attribute 34, 1
  11              		.eabi_attribute 18, 4
  12              		.file	"debug.c"
  13              		.text
  14              	.Ltext0:
  15              		.cfi_sections	.debug_frame
  16              		.section	.text.MX_DEBUG_Init,"ax",%progbits
  17              		.align	1
  18              		.p2align 2,,3
  19              		.global	MX_DEBUG_Init
  20              		.arch armv7e-m
  21              		.syntax unified
  22              		.thumb
  23              		.thumb_func
  24              		.fpu fpv5-d16
  26              	MX_DEBUG_Init:
  27              	.LFB141:
  28              		.file 1 "Core/Src/debug.c"
   1:Core/Src/debug.c **** /**
   2:Core/Src/debug.c ****   ******************************************************************************
   3:Core/Src/debug.c ****   * File Name          : DEBUG.c
   4:Core/Src/debug.c ****   * Description        : This file provides code for the configuration
   5:Core/Src/debug.c ****   *                      of the DEBUG instances.
   6:Core/Src/debug.c ****   ******************************************************************************
   7:Core/Src/debug.c ****   * @attention
   8:Core/Src/debug.c ****   *
   9:Core/Src/debug.c ****   * <h2><center>&copy; Copyright (c) 2020 STMicroelectronics.
  10:Core/Src/debug.c ****   * All rights reserved.</center></h2>
  11:Core/Src/debug.c ****   *
  12:Core/Src/debug.c ****   * This software component is licensed by ST under BSD 3-Clause license,
  13:Core/Src/debug.c ****   * the "License"; You may not use this file except in compliance with the
  14:Core/Src/debug.c ****   * License. You may obtain a copy of the License at:
  15:Core/Src/debug.c ****   *                        opensource.org/licenses/BSD-3-Clause
  16:Core/Src/debug.c ****   *
  17:Core/Src/debug.c ****   ******************************************************************************
  18:Core/Src/debug.c ****   */
  19:Core/Src/debug.c **** 
  20:Core/Src/debug.c **** /* Includes ------------------------------------------------------------------*/
  21:Core/Src/debug.c **** #include "debug.h"
  22:Core/Src/debug.c **** 
  23:Core/Src/debug.c **** /* USER CODE BEGIN 0 */
  24:Core/Src/debug.c **** 
  25:Core/Src/debug.c **** /* USER CODE END 0 */
  26:Core/Src/debug.c **** 
  27:Core/Src/debug.c **** /* DEBUG init function */
  28:Core/Src/debug.c **** void MX_DEBUG_Init(void)
  29:Core/Src/debug.c **** {
  29              		.loc 1 29 1 view -0
ARM GAS  /tmp/ccNs6wH9.s 			page 2


  30              		.cfi_startproc
  31              		@ args = 0, pretend = 0, frame = 0
  32              		@ frame_needed = 0, uses_anonymous_args = 0
  33              		@ link register save eliminated.
  30:Core/Src/debug.c **** 
  31:Core/Src/debug.c **** }
  34              		.loc 1 31 1 view .LVU1
  35 0000 7047     		bx	lr
  36              		.cfi_endproc
  37              	.LFE141:
  39 0002 00BF     		.text
  40              	.Letext0:
  41              		.file 2 "/opt/gcc-arm-none-eabi/arm-none-eabi/include/machine/_default_types.h"
  42              		.file 3 "/opt/gcc-arm-none-eabi/arm-none-eabi/include/sys/_stdint.h"
  43              		.file 4 "Drivers/CMSIS/Include/core_cm7.h"
  44              		.file 5 "Drivers/CMSIS/Device/ST/STM32H7xx/Include/system_stm32h7xx.h"
  45              		.file 6 "/opt/gcc-arm-none-eabi/lib/gcc/arm-none-eabi/9.3.1/include/stddef.h"
  46              		.file 7 "/opt/gcc-arm-none-eabi/arm-none-eabi/include/sys/_types.h"
  47              		.file 8 "/opt/gcc-arm-none-eabi/arm-none-eabi/include/sys/reent.h"
  48              		.file 9 "/opt/gcc-arm-none-eabi/arm-none-eabi/include/sys/lock.h"
  49              		.file 10 "Drivers/STM32H7xx_HAL_Driver/Inc/stm32h7xx_hal_def.h"
  50              		.file 11 "Drivers/STM32H7xx_HAL_Driver/Inc/stm32h7xx_hal_flash.h"
  51              		.file 12 "Drivers/STM32H7xx_HAL_Driver/Inc/stm32h7xx_hal.h"
ARM GAS  /tmp/ccNs6wH9.s 			page 3


DEFINED SYMBOLS
                            *ABS*:0000000000000000 debug.c
     /tmp/ccNs6wH9.s:17     .text.MX_DEBUG_Init:0000000000000000 $t
     /tmp/ccNs6wH9.s:26     .text.MX_DEBUG_Init:0000000000000000 MX_DEBUG_Init

NO UNDEFINED SYMBOLS
