ARM GAS  /tmp/cc6C8wBW.s 			page 1


   1              		.cpu cortex-m7
   2              		.eabi_attribute 28, 1
   3              		.eabi_attribute 20, 1
   4              		.eabi_attribute 21, 1
   5              		.eabi_attribute 23, 3
   6              		.eabi_attribute 24, 1
   7              		.eabi_attribute 25, 1
   8              		.eabi_attribute 26, 1
   9              		.eabi_attribute 30, 2
  10              		.eabi_attribute 34, 1
  11              		.eabi_attribute 18, 4
  12              		.file	"stm32h7xx_hal_i2c_ex.c"
  13              		.text
  14              	.Ltext0:
  15              		.cfi_sections	.debug_frame
  16              		.section	.text.HAL_I2CEx_ConfigAnalogFilter,"ax",%progbits
  17              		.align	1
  18              		.p2align 2,,3
  19              		.global	HAL_I2CEx_ConfigAnalogFilter
  20              		.arch armv7e-m
  21              		.syntax unified
  22              		.thumb
  23              		.thumb_func
  24              		.fpu fpv5-d16
  26              	HAL_I2CEx_ConfigAnalogFilter:
  27              	.LVL0:
  28              	.LFB141:
  29              		.file 1 "Drivers/STM32H7xx_HAL_Driver/Src/stm32h7xx_hal_i2c_ex.c"
   1:Drivers/STM32H7xx_HAL_Driver/Src/stm32h7xx_hal_i2c_ex.c **** /**
   2:Drivers/STM32H7xx_HAL_Driver/Src/stm32h7xx_hal_i2c_ex.c ****   ******************************************************************************
   3:Drivers/STM32H7xx_HAL_Driver/Src/stm32h7xx_hal_i2c_ex.c ****   * @file    stm32h7xx_hal_i2c_ex.c
   4:Drivers/STM32H7xx_HAL_Driver/Src/stm32h7xx_hal_i2c_ex.c ****   * @author  MCD Application Team
   5:Drivers/STM32H7xx_HAL_Driver/Src/stm32h7xx_hal_i2c_ex.c ****   * @brief   I2C Extended HAL module driver.
   6:Drivers/STM32H7xx_HAL_Driver/Src/stm32h7xx_hal_i2c_ex.c ****   *          This file provides firmware functions to manage the following
   7:Drivers/STM32H7xx_HAL_Driver/Src/stm32h7xx_hal_i2c_ex.c ****   *          functionalities of I2C Extended peripheral:
   8:Drivers/STM32H7xx_HAL_Driver/Src/stm32h7xx_hal_i2c_ex.c ****   *           + Extended features functions
   9:Drivers/STM32H7xx_HAL_Driver/Src/stm32h7xx_hal_i2c_ex.c ****   *
  10:Drivers/STM32H7xx_HAL_Driver/Src/stm32h7xx_hal_i2c_ex.c ****   @verbatim
  11:Drivers/STM32H7xx_HAL_Driver/Src/stm32h7xx_hal_i2c_ex.c ****   ==============================================================================
  12:Drivers/STM32H7xx_HAL_Driver/Src/stm32h7xx_hal_i2c_ex.c ****                ##### I2C peripheral Extended features  #####
  13:Drivers/STM32H7xx_HAL_Driver/Src/stm32h7xx_hal_i2c_ex.c ****   ==============================================================================
  14:Drivers/STM32H7xx_HAL_Driver/Src/stm32h7xx_hal_i2c_ex.c **** 
  15:Drivers/STM32H7xx_HAL_Driver/Src/stm32h7xx_hal_i2c_ex.c ****   [..] Comparing to other previous devices, the I2C interface for STM32H7xx
  16:Drivers/STM32H7xx_HAL_Driver/Src/stm32h7xx_hal_i2c_ex.c ****        devices contains the following additional features
  17:Drivers/STM32H7xx_HAL_Driver/Src/stm32h7xx_hal_i2c_ex.c **** 
  18:Drivers/STM32H7xx_HAL_Driver/Src/stm32h7xx_hal_i2c_ex.c ****        (+) Possibility to disable or enable Analog Noise Filter
  19:Drivers/STM32H7xx_HAL_Driver/Src/stm32h7xx_hal_i2c_ex.c ****        (+) Use of a configured Digital Noise Filter
  20:Drivers/STM32H7xx_HAL_Driver/Src/stm32h7xx_hal_i2c_ex.c ****        (+) Disable or enable wakeup from Stop mode(s)
  21:Drivers/STM32H7xx_HAL_Driver/Src/stm32h7xx_hal_i2c_ex.c ****        (+) Disable or enable Fast Mode Plus
  22:Drivers/STM32H7xx_HAL_Driver/Src/stm32h7xx_hal_i2c_ex.c **** 
  23:Drivers/STM32H7xx_HAL_Driver/Src/stm32h7xx_hal_i2c_ex.c ****                      ##### How to use this driver #####
  24:Drivers/STM32H7xx_HAL_Driver/Src/stm32h7xx_hal_i2c_ex.c ****   ==============================================================================
  25:Drivers/STM32H7xx_HAL_Driver/Src/stm32h7xx_hal_i2c_ex.c ****   [..] This driver provides functions to configure Noise Filter and Wake Up Feature
  26:Drivers/STM32H7xx_HAL_Driver/Src/stm32h7xx_hal_i2c_ex.c ****     (#) Configure I2C Analog noise filter using the function HAL_I2CEx_ConfigAnalogFilter()
  27:Drivers/STM32H7xx_HAL_Driver/Src/stm32h7xx_hal_i2c_ex.c ****     (#) Configure I2C Digital noise filter using the function HAL_I2CEx_ConfigDigitalFilter()
  28:Drivers/STM32H7xx_HAL_Driver/Src/stm32h7xx_hal_i2c_ex.c ****     (#) Configure the enable or disable of I2C Wake Up Mode using the functions :
  29:Drivers/STM32H7xx_HAL_Driver/Src/stm32h7xx_hal_i2c_ex.c ****           (++) HAL_I2CEx_EnableWakeUp()
ARM GAS  /tmp/cc6C8wBW.s 			page 2


  30:Drivers/STM32H7xx_HAL_Driver/Src/stm32h7xx_hal_i2c_ex.c ****           (++) HAL_I2CEx_DisableWakeUp()
  31:Drivers/STM32H7xx_HAL_Driver/Src/stm32h7xx_hal_i2c_ex.c ****     (#) Configure the enable or disable of fast mode plus driving capability using the functions :
  32:Drivers/STM32H7xx_HAL_Driver/Src/stm32h7xx_hal_i2c_ex.c ****           (++) HAL_I2CEx_EnableFastModePlus()
  33:Drivers/STM32H7xx_HAL_Driver/Src/stm32h7xx_hal_i2c_ex.c ****           (++) HAL_I2CEx_DisableFastModePlus()
  34:Drivers/STM32H7xx_HAL_Driver/Src/stm32h7xx_hal_i2c_ex.c ****   @endverbatim
  35:Drivers/STM32H7xx_HAL_Driver/Src/stm32h7xx_hal_i2c_ex.c ****   ******************************************************************************
  36:Drivers/STM32H7xx_HAL_Driver/Src/stm32h7xx_hal_i2c_ex.c ****   * @attention
  37:Drivers/STM32H7xx_HAL_Driver/Src/stm32h7xx_hal_i2c_ex.c ****   *
  38:Drivers/STM32H7xx_HAL_Driver/Src/stm32h7xx_hal_i2c_ex.c ****   * <h2><center>&copy; Copyright (c) 2017 STMicroelectronics.
  39:Drivers/STM32H7xx_HAL_Driver/Src/stm32h7xx_hal_i2c_ex.c ****   * All rights reserved.</center></h2>
  40:Drivers/STM32H7xx_HAL_Driver/Src/stm32h7xx_hal_i2c_ex.c ****   *
  41:Drivers/STM32H7xx_HAL_Driver/Src/stm32h7xx_hal_i2c_ex.c ****   * This software component is licensed by ST under BSD 3-Clause license,
  42:Drivers/STM32H7xx_HAL_Driver/Src/stm32h7xx_hal_i2c_ex.c ****   * the "License"; You may not use this file except in compliance with the
  43:Drivers/STM32H7xx_HAL_Driver/Src/stm32h7xx_hal_i2c_ex.c ****   * License. You may obtain a copy of the License at:
  44:Drivers/STM32H7xx_HAL_Driver/Src/stm32h7xx_hal_i2c_ex.c ****   *                        opensource.org/licenses/BSD-3-Clause
  45:Drivers/STM32H7xx_HAL_Driver/Src/stm32h7xx_hal_i2c_ex.c ****   *
  46:Drivers/STM32H7xx_HAL_Driver/Src/stm32h7xx_hal_i2c_ex.c ****   ******************************************************************************
  47:Drivers/STM32H7xx_HAL_Driver/Src/stm32h7xx_hal_i2c_ex.c ****   */
  48:Drivers/STM32H7xx_HAL_Driver/Src/stm32h7xx_hal_i2c_ex.c **** 
  49:Drivers/STM32H7xx_HAL_Driver/Src/stm32h7xx_hal_i2c_ex.c **** /* Includes ------------------------------------------------------------------*/
  50:Drivers/STM32H7xx_HAL_Driver/Src/stm32h7xx_hal_i2c_ex.c **** #include "stm32h7xx_hal.h"
  51:Drivers/STM32H7xx_HAL_Driver/Src/stm32h7xx_hal_i2c_ex.c **** 
  52:Drivers/STM32H7xx_HAL_Driver/Src/stm32h7xx_hal_i2c_ex.c **** /** @addtogroup STM32H7xx_HAL_Driver
  53:Drivers/STM32H7xx_HAL_Driver/Src/stm32h7xx_hal_i2c_ex.c ****   * @{
  54:Drivers/STM32H7xx_HAL_Driver/Src/stm32h7xx_hal_i2c_ex.c ****   */
  55:Drivers/STM32H7xx_HAL_Driver/Src/stm32h7xx_hal_i2c_ex.c **** 
  56:Drivers/STM32H7xx_HAL_Driver/Src/stm32h7xx_hal_i2c_ex.c **** /** @defgroup I2CEx I2CEx
  57:Drivers/STM32H7xx_HAL_Driver/Src/stm32h7xx_hal_i2c_ex.c ****   * @brief I2C Extended HAL module driver
  58:Drivers/STM32H7xx_HAL_Driver/Src/stm32h7xx_hal_i2c_ex.c ****   * @{
  59:Drivers/STM32H7xx_HAL_Driver/Src/stm32h7xx_hal_i2c_ex.c ****   */
  60:Drivers/STM32H7xx_HAL_Driver/Src/stm32h7xx_hal_i2c_ex.c **** 
  61:Drivers/STM32H7xx_HAL_Driver/Src/stm32h7xx_hal_i2c_ex.c **** #ifdef HAL_I2C_MODULE_ENABLED
  62:Drivers/STM32H7xx_HAL_Driver/Src/stm32h7xx_hal_i2c_ex.c **** 
  63:Drivers/STM32H7xx_HAL_Driver/Src/stm32h7xx_hal_i2c_ex.c **** /* Private typedef -----------------------------------------------------------*/
  64:Drivers/STM32H7xx_HAL_Driver/Src/stm32h7xx_hal_i2c_ex.c **** /* Private define ------------------------------------------------------------*/
  65:Drivers/STM32H7xx_HAL_Driver/Src/stm32h7xx_hal_i2c_ex.c **** /* Private macro -------------------------------------------------------------*/
  66:Drivers/STM32H7xx_HAL_Driver/Src/stm32h7xx_hal_i2c_ex.c **** /* Private variables ---------------------------------------------------------*/
  67:Drivers/STM32H7xx_HAL_Driver/Src/stm32h7xx_hal_i2c_ex.c **** /* Private function prototypes -----------------------------------------------*/
  68:Drivers/STM32H7xx_HAL_Driver/Src/stm32h7xx_hal_i2c_ex.c **** /* Private functions ---------------------------------------------------------*/
  69:Drivers/STM32H7xx_HAL_Driver/Src/stm32h7xx_hal_i2c_ex.c **** 
  70:Drivers/STM32H7xx_HAL_Driver/Src/stm32h7xx_hal_i2c_ex.c **** /** @defgroup I2CEx_Exported_Functions I2C Extended Exported Functions
  71:Drivers/STM32H7xx_HAL_Driver/Src/stm32h7xx_hal_i2c_ex.c ****   * @{
  72:Drivers/STM32H7xx_HAL_Driver/Src/stm32h7xx_hal_i2c_ex.c ****   */
  73:Drivers/STM32H7xx_HAL_Driver/Src/stm32h7xx_hal_i2c_ex.c **** 
  74:Drivers/STM32H7xx_HAL_Driver/Src/stm32h7xx_hal_i2c_ex.c **** /** @defgroup I2CEx_Exported_Functions_Group1 Extended features functions
  75:Drivers/STM32H7xx_HAL_Driver/Src/stm32h7xx_hal_i2c_ex.c ****   * @brief    Extended features functions
  76:Drivers/STM32H7xx_HAL_Driver/Src/stm32h7xx_hal_i2c_ex.c ****  *
  77:Drivers/STM32H7xx_HAL_Driver/Src/stm32h7xx_hal_i2c_ex.c **** @verbatim
  78:Drivers/STM32H7xx_HAL_Driver/Src/stm32h7xx_hal_i2c_ex.c ****  ===============================================================================
  79:Drivers/STM32H7xx_HAL_Driver/Src/stm32h7xx_hal_i2c_ex.c ****                       ##### Extended features functions #####
  80:Drivers/STM32H7xx_HAL_Driver/Src/stm32h7xx_hal_i2c_ex.c ****  ===============================================================================
  81:Drivers/STM32H7xx_HAL_Driver/Src/stm32h7xx_hal_i2c_ex.c ****     [..] This section provides functions allowing to:
  82:Drivers/STM32H7xx_HAL_Driver/Src/stm32h7xx_hal_i2c_ex.c ****       (+) Configure Noise Filters
  83:Drivers/STM32H7xx_HAL_Driver/Src/stm32h7xx_hal_i2c_ex.c ****       (+) Configure Wake Up Feature
  84:Drivers/STM32H7xx_HAL_Driver/Src/stm32h7xx_hal_i2c_ex.c ****       (+) Configure Fast Mode Plus
  85:Drivers/STM32H7xx_HAL_Driver/Src/stm32h7xx_hal_i2c_ex.c **** 
  86:Drivers/STM32H7xx_HAL_Driver/Src/stm32h7xx_hal_i2c_ex.c **** @endverbatim
ARM GAS  /tmp/cc6C8wBW.s 			page 3


  87:Drivers/STM32H7xx_HAL_Driver/Src/stm32h7xx_hal_i2c_ex.c ****   * @{
  88:Drivers/STM32H7xx_HAL_Driver/Src/stm32h7xx_hal_i2c_ex.c ****   */
  89:Drivers/STM32H7xx_HAL_Driver/Src/stm32h7xx_hal_i2c_ex.c **** 
  90:Drivers/STM32H7xx_HAL_Driver/Src/stm32h7xx_hal_i2c_ex.c **** /**
  91:Drivers/STM32H7xx_HAL_Driver/Src/stm32h7xx_hal_i2c_ex.c ****   * @brief  Configure I2C Analog noise filter.
  92:Drivers/STM32H7xx_HAL_Driver/Src/stm32h7xx_hal_i2c_ex.c ****   * @param  hi2c Pointer to a I2C_HandleTypeDef structure that contains
  93:Drivers/STM32H7xx_HAL_Driver/Src/stm32h7xx_hal_i2c_ex.c ****   *                the configuration information for the specified I2Cx peripheral.
  94:Drivers/STM32H7xx_HAL_Driver/Src/stm32h7xx_hal_i2c_ex.c ****   * @param  AnalogFilter New state of the Analog filter.
  95:Drivers/STM32H7xx_HAL_Driver/Src/stm32h7xx_hal_i2c_ex.c ****   * @retval HAL status
  96:Drivers/STM32H7xx_HAL_Driver/Src/stm32h7xx_hal_i2c_ex.c ****   */
  97:Drivers/STM32H7xx_HAL_Driver/Src/stm32h7xx_hal_i2c_ex.c **** HAL_StatusTypeDef HAL_I2CEx_ConfigAnalogFilter(I2C_HandleTypeDef *hi2c, uint32_t AnalogFilter)
  98:Drivers/STM32H7xx_HAL_Driver/Src/stm32h7xx_hal_i2c_ex.c **** {
  30              		.loc 1 98 1 view -0
  31              		.cfi_startproc
  32              		@ args = 0, pretend = 0, frame = 0
  33              		@ frame_needed = 0, uses_anonymous_args = 0
  34              		@ link register save eliminated.
  99:Drivers/STM32H7xx_HAL_Driver/Src/stm32h7xx_hal_i2c_ex.c ****   /* Check the parameters */
 100:Drivers/STM32H7xx_HAL_Driver/Src/stm32h7xx_hal_i2c_ex.c ****   assert_param(IS_I2C_ALL_INSTANCE(hi2c->Instance));
  35              		.loc 1 100 3 view .LVU1
 101:Drivers/STM32H7xx_HAL_Driver/Src/stm32h7xx_hal_i2c_ex.c ****   assert_param(IS_I2C_ANALOG_FILTER(AnalogFilter));
  36              		.loc 1 101 3 view .LVU2
 102:Drivers/STM32H7xx_HAL_Driver/Src/stm32h7xx_hal_i2c_ex.c **** 
 103:Drivers/STM32H7xx_HAL_Driver/Src/stm32h7xx_hal_i2c_ex.c ****   if (hi2c->State == HAL_I2C_STATE_READY)
  37              		.loc 1 103 3 view .LVU3
  38              		.loc 1 103 11 is_stmt 0 view .LVU4
  39 0000 90F84120 		ldrb	r2, [r0, #65]	@ zero_extendqisi2
  40              		.loc 1 103 6 view .LVU5
  41 0004 202A     		cmp	r2, #32
  42 0006 21D1     		bne	.L3
  43 0008 0346     		mov	r3, r0
  98:Drivers/STM32H7xx_HAL_Driver/Src/stm32h7xx_hal_i2c_ex.c ****   /* Check the parameters */
  44              		.loc 1 98 1 view .LVU6
  45 000a 70B4     		push	{r4, r5, r6}
  46              	.LCFI0:
  47              		.cfi_def_cfa_offset 12
  48              		.cfi_offset 4, -12
  49              		.cfi_offset 5, -8
  50              		.cfi_offset 6, -4
  51 000c D5B2     		uxtb	r5, r2
 104:Drivers/STM32H7xx_HAL_Driver/Src/stm32h7xx_hal_i2c_ex.c ****   {
 105:Drivers/STM32H7xx_HAL_Driver/Src/stm32h7xx_hal_i2c_ex.c ****     /* Process Locked */
 106:Drivers/STM32H7xx_HAL_Driver/Src/stm32h7xx_hal_i2c_ex.c ****     __HAL_LOCK(hi2c);
  52              		.loc 1 106 5 is_stmt 1 view .LVU7
  53              		.loc 1 106 5 view .LVU8
  54 000e 90F84020 		ldrb	r2, [r0, #64]	@ zero_extendqisi2
  55 0012 012A     		cmp	r2, #1
  56 0014 1CD0     		beq	.L4
  57              		.loc 1 106 5 discriminator 2 view .LVU9
  58              		.loc 1 106 5 discriminator 2 view .LVU10
 107:Drivers/STM32H7xx_HAL_Driver/Src/stm32h7xx_hal_i2c_ex.c **** 
 108:Drivers/STM32H7xx_HAL_Driver/Src/stm32h7xx_hal_i2c_ex.c ****     hi2c->State = HAL_I2C_STATE_BUSY;
  59              		.loc 1 108 5 discriminator 2 view .LVU11
 109:Drivers/STM32H7xx_HAL_Driver/Src/stm32h7xx_hal_i2c_ex.c **** 
 110:Drivers/STM32H7xx_HAL_Driver/Src/stm32h7xx_hal_i2c_ex.c ****     /* Disable the selected I2C peripheral */
 111:Drivers/STM32H7xx_HAL_Driver/Src/stm32h7xx_hal_i2c_ex.c ****     __HAL_I2C_DISABLE(hi2c);
  60              		.loc 1 111 5 is_stmt 0 discriminator 2 view .LVU12
ARM GAS  /tmp/cc6C8wBW.s 			page 4


  61 0016 1A68     		ldr	r2, [r3]
 108:Drivers/STM32H7xx_HAL_Driver/Src/stm32h7xx_hal_i2c_ex.c **** 
  62              		.loc 1 108 17 discriminator 2 view .LVU13
  63 0018 2420     		movs	r0, #36
  64              	.LVL1:
 112:Drivers/STM32H7xx_HAL_Driver/Src/stm32h7xx_hal_i2c_ex.c **** 
 113:Drivers/STM32H7xx_HAL_Driver/Src/stm32h7xx_hal_i2c_ex.c ****     /* Reset I2Cx ANOFF bit */
 114:Drivers/STM32H7xx_HAL_Driver/Src/stm32h7xx_hal_i2c_ex.c ****     hi2c->Instance->CR1 &= ~(I2C_CR1_ANFOFF);
 115:Drivers/STM32H7xx_HAL_Driver/Src/stm32h7xx_hal_i2c_ex.c **** 
 116:Drivers/STM32H7xx_HAL_Driver/Src/stm32h7xx_hal_i2c_ex.c ****     /* Set analog filter bit*/
 117:Drivers/STM32H7xx_HAL_Driver/Src/stm32h7xx_hal_i2c_ex.c ****     hi2c->Instance->CR1 |= AnalogFilter;
 118:Drivers/STM32H7xx_HAL_Driver/Src/stm32h7xx_hal_i2c_ex.c **** 
 119:Drivers/STM32H7xx_HAL_Driver/Src/stm32h7xx_hal_i2c_ex.c ****     __HAL_I2C_ENABLE(hi2c);
 120:Drivers/STM32H7xx_HAL_Driver/Src/stm32h7xx_hal_i2c_ex.c **** 
 121:Drivers/STM32H7xx_HAL_Driver/Src/stm32h7xx_hal_i2c_ex.c ****     hi2c->State = HAL_I2C_STATE_READY;
 122:Drivers/STM32H7xx_HAL_Driver/Src/stm32h7xx_hal_i2c_ex.c **** 
 123:Drivers/STM32H7xx_HAL_Driver/Src/stm32h7xx_hal_i2c_ex.c ****     /* Process Unlocked */
 124:Drivers/STM32H7xx_HAL_Driver/Src/stm32h7xx_hal_i2c_ex.c ****     __HAL_UNLOCK(hi2c);
  65              		.loc 1 124 5 discriminator 2 view .LVU14
  66 001a 0026     		movs	r6, #0
 108:Drivers/STM32H7xx_HAL_Driver/Src/stm32h7xx_hal_i2c_ex.c **** 
  67              		.loc 1 108 17 discriminator 2 view .LVU15
  68 001c 83F84100 		strb	r0, [r3, #65]
 111:Drivers/STM32H7xx_HAL_Driver/Src/stm32h7xx_hal_i2c_ex.c **** 
  69              		.loc 1 111 5 is_stmt 1 discriminator 2 view .LVU16
  70 0020 1468     		ldr	r4, [r2]
 125:Drivers/STM32H7xx_HAL_Driver/Src/stm32h7xx_hal_i2c_ex.c **** 
 126:Drivers/STM32H7xx_HAL_Driver/Src/stm32h7xx_hal_i2c_ex.c ****     return HAL_OK;
  71              		.loc 1 126 12 is_stmt 0 discriminator 2 view .LVU17
  72 0022 3046     		mov	r0, r6
 111:Drivers/STM32H7xx_HAL_Driver/Src/stm32h7xx_hal_i2c_ex.c **** 
  73              		.loc 1 111 5 discriminator 2 view .LVU18
  74 0024 24F00104 		bic	r4, r4, #1
  75 0028 1460     		str	r4, [r2]
 114:Drivers/STM32H7xx_HAL_Driver/Src/stm32h7xx_hal_i2c_ex.c **** 
  76              		.loc 1 114 5 is_stmt 1 discriminator 2 view .LVU19
 114:Drivers/STM32H7xx_HAL_Driver/Src/stm32h7xx_hal_i2c_ex.c **** 
  77              		.loc 1 114 25 is_stmt 0 discriminator 2 view .LVU20
  78 002a 1468     		ldr	r4, [r2]
  79 002c 24F48054 		bic	r4, r4, #4096
  80 0030 1460     		str	r4, [r2]
 117:Drivers/STM32H7xx_HAL_Driver/Src/stm32h7xx_hal_i2c_ex.c **** 
  81              		.loc 1 117 5 is_stmt 1 discriminator 2 view .LVU21
 117:Drivers/STM32H7xx_HAL_Driver/Src/stm32h7xx_hal_i2c_ex.c **** 
  82              		.loc 1 117 25 is_stmt 0 discriminator 2 view .LVU22
  83 0032 1468     		ldr	r4, [r2]
  84 0034 2143     		orrs	r1, r1, r4
  85              	.LVL2:
 117:Drivers/STM32H7xx_HAL_Driver/Src/stm32h7xx_hal_i2c_ex.c **** 
  86              		.loc 1 117 25 discriminator 2 view .LVU23
  87 0036 1160     		str	r1, [r2]
 119:Drivers/STM32H7xx_HAL_Driver/Src/stm32h7xx_hal_i2c_ex.c **** 
  88              		.loc 1 119 5 is_stmt 1 discriminator 2 view .LVU24
  89 0038 1168     		ldr	r1, [r2]
  90 003a 41F00101 		orr	r1, r1, #1
  91 003e 1160     		str	r1, [r2]
 121:Drivers/STM32H7xx_HAL_Driver/Src/stm32h7xx_hal_i2c_ex.c **** 
ARM GAS  /tmp/cc6C8wBW.s 			page 5


  92              		.loc 1 121 5 discriminator 2 view .LVU25
 121:Drivers/STM32H7xx_HAL_Driver/Src/stm32h7xx_hal_i2c_ex.c **** 
  93              		.loc 1 121 17 is_stmt 0 discriminator 2 view .LVU26
  94 0040 83F84150 		strb	r5, [r3, #65]
 124:Drivers/STM32H7xx_HAL_Driver/Src/stm32h7xx_hal_i2c_ex.c **** 
  95              		.loc 1 124 5 is_stmt 1 discriminator 2 view .LVU27
 124:Drivers/STM32H7xx_HAL_Driver/Src/stm32h7xx_hal_i2c_ex.c **** 
  96              		.loc 1 124 5 discriminator 2 view .LVU28
  97 0044 83F84060 		strb	r6, [r3, #64]
 124:Drivers/STM32H7xx_HAL_Driver/Src/stm32h7xx_hal_i2c_ex.c **** 
  98              		.loc 1 124 5 discriminator 2 view .LVU29
  99              		.loc 1 126 5 discriminator 2 view .LVU30
 127:Drivers/STM32H7xx_HAL_Driver/Src/stm32h7xx_hal_i2c_ex.c ****   }
 128:Drivers/STM32H7xx_HAL_Driver/Src/stm32h7xx_hal_i2c_ex.c ****   else
 129:Drivers/STM32H7xx_HAL_Driver/Src/stm32h7xx_hal_i2c_ex.c ****   {
 130:Drivers/STM32H7xx_HAL_Driver/Src/stm32h7xx_hal_i2c_ex.c ****     return HAL_BUSY;
 131:Drivers/STM32H7xx_HAL_Driver/Src/stm32h7xx_hal_i2c_ex.c ****   }
 132:Drivers/STM32H7xx_HAL_Driver/Src/stm32h7xx_hal_i2c_ex.c **** }
 100              		.loc 1 132 1 is_stmt 0 discriminator 2 view .LVU31
 101 0048 70BC     		pop	{r4, r5, r6}
 102              	.LCFI1:
 103              		.cfi_restore 6
 104              		.cfi_restore 5
 105              		.cfi_restore 4
 106              		.cfi_def_cfa_offset 0
 107 004a 7047     		bx	lr
 108              	.LVL3:
 109              	.L3:
 130:Drivers/STM32H7xx_HAL_Driver/Src/stm32h7xx_hal_i2c_ex.c ****   }
 110              		.loc 1 130 12 view .LVU32
 111 004c 0220     		movs	r0, #2
 112              	.LVL4:
 113              		.loc 1 132 1 view .LVU33
 114 004e 7047     		bx	lr
 115              	.LVL5:
 116              	.L4:
 117              	.LCFI2:
 118              		.cfi_def_cfa_offset 12
 119              		.cfi_offset 4, -12
 120              		.cfi_offset 5, -8
 121              		.cfi_offset 6, -4
 130:Drivers/STM32H7xx_HAL_Driver/Src/stm32h7xx_hal_i2c_ex.c ****   }
 122              		.loc 1 130 12 view .LVU34
 123 0050 0220     		movs	r0, #2
 124              	.LVL6:
 125              		.loc 1 132 1 view .LVU35
 126 0052 70BC     		pop	{r4, r5, r6}
 127              	.LCFI3:
 128              		.cfi_restore 6
 129              		.cfi_restore 5
 130              		.cfi_restore 4
 131              		.cfi_def_cfa_offset 0
 132 0054 7047     		bx	lr
 133              		.cfi_endproc
 134              	.LFE141:
 136 0056 00BF     		.section	.text.HAL_I2CEx_ConfigDigitalFilter,"ax",%progbits
 137              		.align	1
ARM GAS  /tmp/cc6C8wBW.s 			page 6


 138              		.p2align 2,,3
 139              		.global	HAL_I2CEx_ConfigDigitalFilter
 140              		.syntax unified
 141              		.thumb
 142              		.thumb_func
 143              		.fpu fpv5-d16
 145              	HAL_I2CEx_ConfigDigitalFilter:
 146              	.LVL7:
 147              	.LFB142:
 133:Drivers/STM32H7xx_HAL_Driver/Src/stm32h7xx_hal_i2c_ex.c **** 
 134:Drivers/STM32H7xx_HAL_Driver/Src/stm32h7xx_hal_i2c_ex.c **** /**
 135:Drivers/STM32H7xx_HAL_Driver/Src/stm32h7xx_hal_i2c_ex.c ****   * @brief  Configure I2C Digital noise filter.
 136:Drivers/STM32H7xx_HAL_Driver/Src/stm32h7xx_hal_i2c_ex.c ****   * @param  hi2c Pointer to a I2C_HandleTypeDef structure that contains
 137:Drivers/STM32H7xx_HAL_Driver/Src/stm32h7xx_hal_i2c_ex.c ****   *                the configuration information for the specified I2Cx peripheral.
 138:Drivers/STM32H7xx_HAL_Driver/Src/stm32h7xx_hal_i2c_ex.c ****   * @param  DigitalFilter Coefficient of digital noise filter between Min_Data=0x00 and Max_Data=0x
 139:Drivers/STM32H7xx_HAL_Driver/Src/stm32h7xx_hal_i2c_ex.c ****   * @retval HAL status
 140:Drivers/STM32H7xx_HAL_Driver/Src/stm32h7xx_hal_i2c_ex.c ****   */
 141:Drivers/STM32H7xx_HAL_Driver/Src/stm32h7xx_hal_i2c_ex.c **** HAL_StatusTypeDef HAL_I2CEx_ConfigDigitalFilter(I2C_HandleTypeDef *hi2c, uint32_t DigitalFilter)
 142:Drivers/STM32H7xx_HAL_Driver/Src/stm32h7xx_hal_i2c_ex.c **** {
 148              		.loc 1 142 1 is_stmt 1 view -0
 149              		.cfi_startproc
 150              		@ args = 0, pretend = 0, frame = 0
 151              		@ frame_needed = 0, uses_anonymous_args = 0
 152              		@ link register save eliminated.
 143:Drivers/STM32H7xx_HAL_Driver/Src/stm32h7xx_hal_i2c_ex.c ****   uint32_t tmpreg;
 153              		.loc 1 143 3 view .LVU37
 144:Drivers/STM32H7xx_HAL_Driver/Src/stm32h7xx_hal_i2c_ex.c **** 
 145:Drivers/STM32H7xx_HAL_Driver/Src/stm32h7xx_hal_i2c_ex.c ****   /* Check the parameters */
 146:Drivers/STM32H7xx_HAL_Driver/Src/stm32h7xx_hal_i2c_ex.c ****   assert_param(IS_I2C_ALL_INSTANCE(hi2c->Instance));
 154              		.loc 1 146 3 view .LVU38
 147:Drivers/STM32H7xx_HAL_Driver/Src/stm32h7xx_hal_i2c_ex.c ****   assert_param(IS_I2C_DIGITAL_FILTER(DigitalFilter));
 155              		.loc 1 147 3 view .LVU39
 148:Drivers/STM32H7xx_HAL_Driver/Src/stm32h7xx_hal_i2c_ex.c **** 
 149:Drivers/STM32H7xx_HAL_Driver/Src/stm32h7xx_hal_i2c_ex.c ****   if (hi2c->State == HAL_I2C_STATE_READY)
 156              		.loc 1 149 3 view .LVU40
 157              		.loc 1 149 11 is_stmt 0 view .LVU41
 158 0000 90F84120 		ldrb	r2, [r0, #65]	@ zero_extendqisi2
 159              		.loc 1 149 6 view .LVU42
 160 0004 202A     		cmp	r2, #32
 161 0006 20D1     		bne	.L12
 162 0008 0346     		mov	r3, r0
 142:Drivers/STM32H7xx_HAL_Driver/Src/stm32h7xx_hal_i2c_ex.c ****   uint32_t tmpreg;
 163              		.loc 1 142 1 view .LVU43
 164 000a 70B4     		push	{r4, r5, r6}
 165              	.LCFI4:
 166              		.cfi_def_cfa_offset 12
 167              		.cfi_offset 4, -12
 168              		.cfi_offset 5, -8
 169              		.cfi_offset 6, -4
 170 000c D6B2     		uxtb	r6, r2
 150:Drivers/STM32H7xx_HAL_Driver/Src/stm32h7xx_hal_i2c_ex.c ****   {
 151:Drivers/STM32H7xx_HAL_Driver/Src/stm32h7xx_hal_i2c_ex.c ****     /* Process Locked */
 152:Drivers/STM32H7xx_HAL_Driver/Src/stm32h7xx_hal_i2c_ex.c ****     __HAL_LOCK(hi2c);
 171              		.loc 1 152 5 is_stmt 1 view .LVU44
 172              		.loc 1 152 5 view .LVU45
 173 000e 90F84020 		ldrb	r2, [r0, #64]	@ zero_extendqisi2
 174 0012 012A     		cmp	r2, #1
ARM GAS  /tmp/cc6C8wBW.s 			page 7


 175 0014 1BD0     		beq	.L13
 176              		.loc 1 152 5 discriminator 2 view .LVU46
 177              		.loc 1 152 5 discriminator 2 view .LVU47
 153:Drivers/STM32H7xx_HAL_Driver/Src/stm32h7xx_hal_i2c_ex.c **** 
 154:Drivers/STM32H7xx_HAL_Driver/Src/stm32h7xx_hal_i2c_ex.c ****     hi2c->State = HAL_I2C_STATE_BUSY;
 178              		.loc 1 154 5 discriminator 2 view .LVU48
 155:Drivers/STM32H7xx_HAL_Driver/Src/stm32h7xx_hal_i2c_ex.c **** 
 156:Drivers/STM32H7xx_HAL_Driver/Src/stm32h7xx_hal_i2c_ex.c ****     /* Disable the selected I2C peripheral */
 157:Drivers/STM32H7xx_HAL_Driver/Src/stm32h7xx_hal_i2c_ex.c ****     __HAL_I2C_DISABLE(hi2c);
 179              		.loc 1 157 5 is_stmt 0 discriminator 2 view .LVU49
 180 0016 1A68     		ldr	r2, [r3]
 154:Drivers/STM32H7xx_HAL_Driver/Src/stm32h7xx_hal_i2c_ex.c **** 
 181              		.loc 1 154 17 discriminator 2 view .LVU50
 182 0018 2420     		movs	r0, #36
 183              	.LVL8:
 158:Drivers/STM32H7xx_HAL_Driver/Src/stm32h7xx_hal_i2c_ex.c **** 
 159:Drivers/STM32H7xx_HAL_Driver/Src/stm32h7xx_hal_i2c_ex.c ****     /* Get the old register value */
 160:Drivers/STM32H7xx_HAL_Driver/Src/stm32h7xx_hal_i2c_ex.c ****     tmpreg = hi2c->Instance->CR1;
 161:Drivers/STM32H7xx_HAL_Driver/Src/stm32h7xx_hal_i2c_ex.c **** 
 162:Drivers/STM32H7xx_HAL_Driver/Src/stm32h7xx_hal_i2c_ex.c ****     /* Reset I2Cx DNF bits [11:8] */
 163:Drivers/STM32H7xx_HAL_Driver/Src/stm32h7xx_hal_i2c_ex.c ****     tmpreg &= ~(I2C_CR1_DNF);
 164:Drivers/STM32H7xx_HAL_Driver/Src/stm32h7xx_hal_i2c_ex.c **** 
 165:Drivers/STM32H7xx_HAL_Driver/Src/stm32h7xx_hal_i2c_ex.c ****     /* Set I2Cx DNF coefficient */
 166:Drivers/STM32H7xx_HAL_Driver/Src/stm32h7xx_hal_i2c_ex.c ****     tmpreg |= DigitalFilter << 8U;
 167:Drivers/STM32H7xx_HAL_Driver/Src/stm32h7xx_hal_i2c_ex.c **** 
 168:Drivers/STM32H7xx_HAL_Driver/Src/stm32h7xx_hal_i2c_ex.c ****     /* Store the new register value */
 169:Drivers/STM32H7xx_HAL_Driver/Src/stm32h7xx_hal_i2c_ex.c ****     hi2c->Instance->CR1 = tmpreg;
 170:Drivers/STM32H7xx_HAL_Driver/Src/stm32h7xx_hal_i2c_ex.c **** 
 171:Drivers/STM32H7xx_HAL_Driver/Src/stm32h7xx_hal_i2c_ex.c ****     __HAL_I2C_ENABLE(hi2c);
 172:Drivers/STM32H7xx_HAL_Driver/Src/stm32h7xx_hal_i2c_ex.c **** 
 173:Drivers/STM32H7xx_HAL_Driver/Src/stm32h7xx_hal_i2c_ex.c ****     hi2c->State = HAL_I2C_STATE_READY;
 174:Drivers/STM32H7xx_HAL_Driver/Src/stm32h7xx_hal_i2c_ex.c **** 
 175:Drivers/STM32H7xx_HAL_Driver/Src/stm32h7xx_hal_i2c_ex.c ****     /* Process Unlocked */
 176:Drivers/STM32H7xx_HAL_Driver/Src/stm32h7xx_hal_i2c_ex.c ****     __HAL_UNLOCK(hi2c);
 184              		.loc 1 176 5 discriminator 2 view .LVU51
 185 001a 0025     		movs	r5, #0
 154:Drivers/STM32H7xx_HAL_Driver/Src/stm32h7xx_hal_i2c_ex.c **** 
 186              		.loc 1 154 17 discriminator 2 view .LVU52
 187 001c 83F84100 		strb	r0, [r3, #65]
 157:Drivers/STM32H7xx_HAL_Driver/Src/stm32h7xx_hal_i2c_ex.c **** 
 188              		.loc 1 157 5 is_stmt 1 discriminator 2 view .LVU53
 189 0020 1468     		ldr	r4, [r2]
 177:Drivers/STM32H7xx_HAL_Driver/Src/stm32h7xx_hal_i2c_ex.c **** 
 178:Drivers/STM32H7xx_HAL_Driver/Src/stm32h7xx_hal_i2c_ex.c ****     return HAL_OK;
 190              		.loc 1 178 12 is_stmt 0 discriminator 2 view .LVU54
 191 0022 2846     		mov	r0, r5
 157:Drivers/STM32H7xx_HAL_Driver/Src/stm32h7xx_hal_i2c_ex.c **** 
 192              		.loc 1 157 5 discriminator 2 view .LVU55
 193 0024 24F00104 		bic	r4, r4, #1
 194 0028 1460     		str	r4, [r2]
 160:Drivers/STM32H7xx_HAL_Driver/Src/stm32h7xx_hal_i2c_ex.c **** 
 195              		.loc 1 160 5 is_stmt 1 discriminator 2 view .LVU56
 160:Drivers/STM32H7xx_HAL_Driver/Src/stm32h7xx_hal_i2c_ex.c **** 
 196              		.loc 1 160 12 is_stmt 0 discriminator 2 view .LVU57
 197 002a 1468     		ldr	r4, [r2]
 198              	.LVL9:
 163:Drivers/STM32H7xx_HAL_Driver/Src/stm32h7xx_hal_i2c_ex.c **** 
ARM GAS  /tmp/cc6C8wBW.s 			page 8


 199              		.loc 1 163 5 is_stmt 1 discriminator 2 view .LVU58
 163:Drivers/STM32H7xx_HAL_Driver/Src/stm32h7xx_hal_i2c_ex.c **** 
 200              		.loc 1 163 12 is_stmt 0 discriminator 2 view .LVU59
 201 002c 24F47064 		bic	r4, r4, #3840
 202              	.LVL10:
 166:Drivers/STM32H7xx_HAL_Driver/Src/stm32h7xx_hal_i2c_ex.c **** 
 203              		.loc 1 166 5 is_stmt 1 discriminator 2 view .LVU60
 166:Drivers/STM32H7xx_HAL_Driver/Src/stm32h7xx_hal_i2c_ex.c **** 
 204              		.loc 1 166 12 is_stmt 0 discriminator 2 view .LVU61
 205 0030 44EA0121 		orr	r1, r4, r1, lsl #8
 206              	.LVL11:
 169:Drivers/STM32H7xx_HAL_Driver/Src/stm32h7xx_hal_i2c_ex.c **** 
 207              		.loc 1 169 5 is_stmt 1 discriminator 2 view .LVU62
 169:Drivers/STM32H7xx_HAL_Driver/Src/stm32h7xx_hal_i2c_ex.c **** 
 208              		.loc 1 169 25 is_stmt 0 discriminator 2 view .LVU63
 209 0034 1160     		str	r1, [r2]
 171:Drivers/STM32H7xx_HAL_Driver/Src/stm32h7xx_hal_i2c_ex.c **** 
 210              		.loc 1 171 5 is_stmt 1 discriminator 2 view .LVU64
 211 0036 1168     		ldr	r1, [r2]
 212              	.LVL12:
 171:Drivers/STM32H7xx_HAL_Driver/Src/stm32h7xx_hal_i2c_ex.c **** 
 213              		.loc 1 171 5 is_stmt 0 discriminator 2 view .LVU65
 214 0038 41F00101 		orr	r1, r1, #1
 215 003c 1160     		str	r1, [r2]
 216              	.LVL13:
 173:Drivers/STM32H7xx_HAL_Driver/Src/stm32h7xx_hal_i2c_ex.c **** 
 217              		.loc 1 173 5 is_stmt 1 discriminator 2 view .LVU66
 173:Drivers/STM32H7xx_HAL_Driver/Src/stm32h7xx_hal_i2c_ex.c **** 
 218              		.loc 1 173 17 is_stmt 0 discriminator 2 view .LVU67
 219 003e 83F84160 		strb	r6, [r3, #65]
 176:Drivers/STM32H7xx_HAL_Driver/Src/stm32h7xx_hal_i2c_ex.c **** 
 220              		.loc 1 176 5 is_stmt 1 discriminator 2 view .LVU68
 176:Drivers/STM32H7xx_HAL_Driver/Src/stm32h7xx_hal_i2c_ex.c **** 
 221              		.loc 1 176 5 discriminator 2 view .LVU69
 222 0042 83F84050 		strb	r5, [r3, #64]
 176:Drivers/STM32H7xx_HAL_Driver/Src/stm32h7xx_hal_i2c_ex.c **** 
 223              		.loc 1 176 5 discriminator 2 view .LVU70
 224              		.loc 1 178 5 discriminator 2 view .LVU71
 179:Drivers/STM32H7xx_HAL_Driver/Src/stm32h7xx_hal_i2c_ex.c ****   }
 180:Drivers/STM32H7xx_HAL_Driver/Src/stm32h7xx_hal_i2c_ex.c ****   else
 181:Drivers/STM32H7xx_HAL_Driver/Src/stm32h7xx_hal_i2c_ex.c ****   {
 182:Drivers/STM32H7xx_HAL_Driver/Src/stm32h7xx_hal_i2c_ex.c ****     return HAL_BUSY;
 183:Drivers/STM32H7xx_HAL_Driver/Src/stm32h7xx_hal_i2c_ex.c ****   }
 184:Drivers/STM32H7xx_HAL_Driver/Src/stm32h7xx_hal_i2c_ex.c **** }
 225              		.loc 1 184 1 is_stmt 0 discriminator 2 view .LVU72
 226 0046 70BC     		pop	{r4, r5, r6}
 227              	.LCFI5:
 228              		.cfi_restore 6
 229              		.cfi_restore 5
 230              		.cfi_restore 4
 231              		.cfi_def_cfa_offset 0
 232              	.LVL14:
 233              		.loc 1 184 1 discriminator 2 view .LVU73
 234 0048 7047     		bx	lr
 235              	.LVL15:
 236              	.L12:
 182:Drivers/STM32H7xx_HAL_Driver/Src/stm32h7xx_hal_i2c_ex.c ****   }
ARM GAS  /tmp/cc6C8wBW.s 			page 9


 237              		.loc 1 182 12 view .LVU74
 238 004a 0220     		movs	r0, #2
 239              	.LVL16:
 240              		.loc 1 184 1 view .LVU75
 241 004c 7047     		bx	lr
 242              	.LVL17:
 243              	.L13:
 244              	.LCFI6:
 245              		.cfi_def_cfa_offset 12
 246              		.cfi_offset 4, -12
 247              		.cfi_offset 5, -8
 248              		.cfi_offset 6, -4
 182:Drivers/STM32H7xx_HAL_Driver/Src/stm32h7xx_hal_i2c_ex.c ****   }
 249              		.loc 1 182 12 view .LVU76
 250 004e 0220     		movs	r0, #2
 251              	.LVL18:
 252              		.loc 1 184 1 view .LVU77
 253 0050 70BC     		pop	{r4, r5, r6}
 254              	.LCFI7:
 255              		.cfi_restore 6
 256              		.cfi_restore 5
 257              		.cfi_restore 4
 258              		.cfi_def_cfa_offset 0
 259 0052 7047     		bx	lr
 260              		.cfi_endproc
 261              	.LFE142:
 263              		.section	.text.HAL_I2CEx_EnableWakeUp,"ax",%progbits
 264              		.align	1
 265              		.p2align 2,,3
 266              		.global	HAL_I2CEx_EnableWakeUp
 267              		.syntax unified
 268              		.thumb
 269              		.thumb_func
 270              		.fpu fpv5-d16
 272              	HAL_I2CEx_EnableWakeUp:
 273              	.LVL19:
 274              	.LFB143:
 185:Drivers/STM32H7xx_HAL_Driver/Src/stm32h7xx_hal_i2c_ex.c **** 
 186:Drivers/STM32H7xx_HAL_Driver/Src/stm32h7xx_hal_i2c_ex.c **** /**
 187:Drivers/STM32H7xx_HAL_Driver/Src/stm32h7xx_hal_i2c_ex.c ****   * @brief  Enable I2C wakeup from Stop mode(s).
 188:Drivers/STM32H7xx_HAL_Driver/Src/stm32h7xx_hal_i2c_ex.c ****   * @param  hi2c Pointer to a I2C_HandleTypeDef structure that contains
 189:Drivers/STM32H7xx_HAL_Driver/Src/stm32h7xx_hal_i2c_ex.c ****   *                the configuration information for the specified I2Cx peripheral.
 190:Drivers/STM32H7xx_HAL_Driver/Src/stm32h7xx_hal_i2c_ex.c ****   * @retval HAL status
 191:Drivers/STM32H7xx_HAL_Driver/Src/stm32h7xx_hal_i2c_ex.c ****   */
 192:Drivers/STM32H7xx_HAL_Driver/Src/stm32h7xx_hal_i2c_ex.c **** HAL_StatusTypeDef HAL_I2CEx_EnableWakeUp(I2C_HandleTypeDef *hi2c)
 193:Drivers/STM32H7xx_HAL_Driver/Src/stm32h7xx_hal_i2c_ex.c **** {
 275              		.loc 1 193 1 is_stmt 1 view -0
 276              		.cfi_startproc
 277              		@ args = 0, pretend = 0, frame = 0
 278              		@ frame_needed = 0, uses_anonymous_args = 0
 279              		@ link register save eliminated.
 194:Drivers/STM32H7xx_HAL_Driver/Src/stm32h7xx_hal_i2c_ex.c ****   /* Check the parameters */
 195:Drivers/STM32H7xx_HAL_Driver/Src/stm32h7xx_hal_i2c_ex.c ****   assert_param(IS_I2C_WAKEUP_FROMSTOP_INSTANCE(hi2c->Instance));
 280              		.loc 1 195 3 view .LVU79
 196:Drivers/STM32H7xx_HAL_Driver/Src/stm32h7xx_hal_i2c_ex.c **** 
 197:Drivers/STM32H7xx_HAL_Driver/Src/stm32h7xx_hal_i2c_ex.c ****   if (hi2c->State == HAL_I2C_STATE_READY)
 281              		.loc 1 197 3 view .LVU80
ARM GAS  /tmp/cc6C8wBW.s 			page 10


 282              		.loc 1 197 11 is_stmt 0 view .LVU81
 283 0000 90F84120 		ldrb	r2, [r0, #65]	@ zero_extendqisi2
 284              		.loc 1 197 6 view .LVU82
 285 0004 202A     		cmp	r2, #32
 286 0006 1ED1     		bne	.L20
 287 0008 0346     		mov	r3, r0
 193:Drivers/STM32H7xx_HAL_Driver/Src/stm32h7xx_hal_i2c_ex.c ****   /* Check the parameters */
 288              		.loc 1 193 1 view .LVU83
 289 000a 30B4     		push	{r4, r5}
 290              	.LCFI8:
 291              		.cfi_def_cfa_offset 8
 292              		.cfi_offset 4, -8
 293              		.cfi_offset 5, -4
 294 000c D5B2     		uxtb	r5, r2
 198:Drivers/STM32H7xx_HAL_Driver/Src/stm32h7xx_hal_i2c_ex.c ****   {
 199:Drivers/STM32H7xx_HAL_Driver/Src/stm32h7xx_hal_i2c_ex.c ****     /* Process Locked */
 200:Drivers/STM32H7xx_HAL_Driver/Src/stm32h7xx_hal_i2c_ex.c ****     __HAL_LOCK(hi2c);
 295              		.loc 1 200 5 is_stmt 1 view .LVU84
 296              		.loc 1 200 5 view .LVU85
 297 000e 90F84020 		ldrb	r2, [r0, #64]	@ zero_extendqisi2
 298 0012 012A     		cmp	r2, #1
 299 0014 19D0     		beq	.L21
 300              		.loc 1 200 5 discriminator 2 view .LVU86
 301              		.loc 1 200 5 discriminator 2 view .LVU87
 201:Drivers/STM32H7xx_HAL_Driver/Src/stm32h7xx_hal_i2c_ex.c **** 
 202:Drivers/STM32H7xx_HAL_Driver/Src/stm32h7xx_hal_i2c_ex.c ****     hi2c->State = HAL_I2C_STATE_BUSY;
 302              		.loc 1 202 5 discriminator 2 view .LVU88
 203:Drivers/STM32H7xx_HAL_Driver/Src/stm32h7xx_hal_i2c_ex.c **** 
 204:Drivers/STM32H7xx_HAL_Driver/Src/stm32h7xx_hal_i2c_ex.c ****     /* Disable the selected I2C peripheral */
 205:Drivers/STM32H7xx_HAL_Driver/Src/stm32h7xx_hal_i2c_ex.c ****     __HAL_I2C_DISABLE(hi2c);
 303              		.loc 1 205 5 is_stmt 0 discriminator 2 view .LVU89
 304 0016 0268     		ldr	r2, [r0]
 202:Drivers/STM32H7xx_HAL_Driver/Src/stm32h7xx_hal_i2c_ex.c **** 
 305              		.loc 1 202 17 discriminator 2 view .LVU90
 306 0018 2421     		movs	r1, #36
 206:Drivers/STM32H7xx_HAL_Driver/Src/stm32h7xx_hal_i2c_ex.c **** 
 207:Drivers/STM32H7xx_HAL_Driver/Src/stm32h7xx_hal_i2c_ex.c ****     /* Enable wakeup from stop mode */
 208:Drivers/STM32H7xx_HAL_Driver/Src/stm32h7xx_hal_i2c_ex.c ****     hi2c->Instance->CR1 |= I2C_CR1_WUPEN;
 209:Drivers/STM32H7xx_HAL_Driver/Src/stm32h7xx_hal_i2c_ex.c **** 
 210:Drivers/STM32H7xx_HAL_Driver/Src/stm32h7xx_hal_i2c_ex.c ****     __HAL_I2C_ENABLE(hi2c);
 211:Drivers/STM32H7xx_HAL_Driver/Src/stm32h7xx_hal_i2c_ex.c **** 
 212:Drivers/STM32H7xx_HAL_Driver/Src/stm32h7xx_hal_i2c_ex.c ****     hi2c->State = HAL_I2C_STATE_READY;
 213:Drivers/STM32H7xx_HAL_Driver/Src/stm32h7xx_hal_i2c_ex.c **** 
 214:Drivers/STM32H7xx_HAL_Driver/Src/stm32h7xx_hal_i2c_ex.c ****     /* Process Unlocked */
 215:Drivers/STM32H7xx_HAL_Driver/Src/stm32h7xx_hal_i2c_ex.c ****     __HAL_UNLOCK(hi2c);
 307              		.loc 1 215 5 discriminator 2 view .LVU91
 308 001a 0024     		movs	r4, #0
 202:Drivers/STM32H7xx_HAL_Driver/Src/stm32h7xx_hal_i2c_ex.c **** 
 309              		.loc 1 202 17 discriminator 2 view .LVU92
 310 001c 80F84110 		strb	r1, [r0, #65]
 205:Drivers/STM32H7xx_HAL_Driver/Src/stm32h7xx_hal_i2c_ex.c **** 
 311              		.loc 1 205 5 is_stmt 1 discriminator 2 view .LVU93
 312 0020 1168     		ldr	r1, [r2]
 216:Drivers/STM32H7xx_HAL_Driver/Src/stm32h7xx_hal_i2c_ex.c **** 
 217:Drivers/STM32H7xx_HAL_Driver/Src/stm32h7xx_hal_i2c_ex.c ****     return HAL_OK;
 313              		.loc 1 217 12 is_stmt 0 discriminator 2 view .LVU94
 314 0022 2046     		mov	r0, r4
ARM GAS  /tmp/cc6C8wBW.s 			page 11


 315              	.LVL20:
 205:Drivers/STM32H7xx_HAL_Driver/Src/stm32h7xx_hal_i2c_ex.c **** 
 316              		.loc 1 205 5 discriminator 2 view .LVU95
 317 0024 21F00101 		bic	r1, r1, #1
 318 0028 1160     		str	r1, [r2]
 208:Drivers/STM32H7xx_HAL_Driver/Src/stm32h7xx_hal_i2c_ex.c **** 
 319              		.loc 1 208 5 is_stmt 1 discriminator 2 view .LVU96
 208:Drivers/STM32H7xx_HAL_Driver/Src/stm32h7xx_hal_i2c_ex.c **** 
 320              		.loc 1 208 25 is_stmt 0 discriminator 2 view .LVU97
 321 002a 1168     		ldr	r1, [r2]
 322 002c 41F48021 		orr	r1, r1, #262144
 323 0030 1160     		str	r1, [r2]
 210:Drivers/STM32H7xx_HAL_Driver/Src/stm32h7xx_hal_i2c_ex.c **** 
 324              		.loc 1 210 5 is_stmt 1 discriminator 2 view .LVU98
 325 0032 1168     		ldr	r1, [r2]
 326 0034 41F00101 		orr	r1, r1, #1
 327 0038 1160     		str	r1, [r2]
 212:Drivers/STM32H7xx_HAL_Driver/Src/stm32h7xx_hal_i2c_ex.c **** 
 328              		.loc 1 212 5 discriminator 2 view .LVU99
 212:Drivers/STM32H7xx_HAL_Driver/Src/stm32h7xx_hal_i2c_ex.c **** 
 329              		.loc 1 212 17 is_stmt 0 discriminator 2 view .LVU100
 330 003a 83F84150 		strb	r5, [r3, #65]
 215:Drivers/STM32H7xx_HAL_Driver/Src/stm32h7xx_hal_i2c_ex.c **** 
 331              		.loc 1 215 5 is_stmt 1 discriminator 2 view .LVU101
 215:Drivers/STM32H7xx_HAL_Driver/Src/stm32h7xx_hal_i2c_ex.c **** 
 332              		.loc 1 215 5 discriminator 2 view .LVU102
 333 003e 83F84040 		strb	r4, [r3, #64]
 215:Drivers/STM32H7xx_HAL_Driver/Src/stm32h7xx_hal_i2c_ex.c **** 
 334              		.loc 1 215 5 discriminator 2 view .LVU103
 335              		.loc 1 217 5 discriminator 2 view .LVU104
 218:Drivers/STM32H7xx_HAL_Driver/Src/stm32h7xx_hal_i2c_ex.c ****   }
 219:Drivers/STM32H7xx_HAL_Driver/Src/stm32h7xx_hal_i2c_ex.c ****   else
 220:Drivers/STM32H7xx_HAL_Driver/Src/stm32h7xx_hal_i2c_ex.c ****   {
 221:Drivers/STM32H7xx_HAL_Driver/Src/stm32h7xx_hal_i2c_ex.c ****     return HAL_BUSY;
 222:Drivers/STM32H7xx_HAL_Driver/Src/stm32h7xx_hal_i2c_ex.c ****   }
 223:Drivers/STM32H7xx_HAL_Driver/Src/stm32h7xx_hal_i2c_ex.c **** }
 336              		.loc 1 223 1 is_stmt 0 discriminator 2 view .LVU105
 337 0042 30BC     		pop	{r4, r5}
 338              	.LCFI9:
 339              		.cfi_restore 5
 340              		.cfi_restore 4
 341              		.cfi_def_cfa_offset 0
 342 0044 7047     		bx	lr
 343              	.LVL21:
 344              	.L20:
 221:Drivers/STM32H7xx_HAL_Driver/Src/stm32h7xx_hal_i2c_ex.c ****   }
 345              		.loc 1 221 12 view .LVU106
 346 0046 0220     		movs	r0, #2
 347              	.LVL22:
 348              		.loc 1 223 1 view .LVU107
 349 0048 7047     		bx	lr
 350              	.LVL23:
 351              	.L21:
 352              	.LCFI10:
 353              		.cfi_def_cfa_offset 8
 354              		.cfi_offset 4, -8
 355              		.cfi_offset 5, -4
ARM GAS  /tmp/cc6C8wBW.s 			page 12


 221:Drivers/STM32H7xx_HAL_Driver/Src/stm32h7xx_hal_i2c_ex.c ****   }
 356              		.loc 1 221 12 view .LVU108
 357 004a 0220     		movs	r0, #2
 358              	.LVL24:
 359              		.loc 1 223 1 view .LVU109
 360 004c 30BC     		pop	{r4, r5}
 361              	.LCFI11:
 362              		.cfi_restore 5
 363              		.cfi_restore 4
 364              		.cfi_def_cfa_offset 0
 365 004e 7047     		bx	lr
 366              		.cfi_endproc
 367              	.LFE143:
 369              		.section	.text.HAL_I2CEx_DisableWakeUp,"ax",%progbits
 370              		.align	1
 371              		.p2align 2,,3
 372              		.global	HAL_I2CEx_DisableWakeUp
 373              		.syntax unified
 374              		.thumb
 375              		.thumb_func
 376              		.fpu fpv5-d16
 378              	HAL_I2CEx_DisableWakeUp:
 379              	.LVL25:
 380              	.LFB144:
 224:Drivers/STM32H7xx_HAL_Driver/Src/stm32h7xx_hal_i2c_ex.c **** 
 225:Drivers/STM32H7xx_HAL_Driver/Src/stm32h7xx_hal_i2c_ex.c **** /**
 226:Drivers/STM32H7xx_HAL_Driver/Src/stm32h7xx_hal_i2c_ex.c ****   * @brief  Disable I2C wakeup from Stop mode(s).
 227:Drivers/STM32H7xx_HAL_Driver/Src/stm32h7xx_hal_i2c_ex.c ****   * @param  hi2c Pointer to a I2C_HandleTypeDef structure that contains
 228:Drivers/STM32H7xx_HAL_Driver/Src/stm32h7xx_hal_i2c_ex.c ****   *                the configuration information for the specified I2Cx peripheral.
 229:Drivers/STM32H7xx_HAL_Driver/Src/stm32h7xx_hal_i2c_ex.c ****   * @retval HAL status
 230:Drivers/STM32H7xx_HAL_Driver/Src/stm32h7xx_hal_i2c_ex.c ****   */
 231:Drivers/STM32H7xx_HAL_Driver/Src/stm32h7xx_hal_i2c_ex.c **** HAL_StatusTypeDef HAL_I2CEx_DisableWakeUp(I2C_HandleTypeDef *hi2c)
 232:Drivers/STM32H7xx_HAL_Driver/Src/stm32h7xx_hal_i2c_ex.c **** {
 381              		.loc 1 232 1 is_stmt 1 view -0
 382              		.cfi_startproc
 383              		@ args = 0, pretend = 0, frame = 0
 384              		@ frame_needed = 0, uses_anonymous_args = 0
 385              		@ link register save eliminated.
 233:Drivers/STM32H7xx_HAL_Driver/Src/stm32h7xx_hal_i2c_ex.c ****   /* Check the parameters */
 234:Drivers/STM32H7xx_HAL_Driver/Src/stm32h7xx_hal_i2c_ex.c ****   assert_param(IS_I2C_WAKEUP_FROMSTOP_INSTANCE(hi2c->Instance));
 386              		.loc 1 234 3 view .LVU111
 235:Drivers/STM32H7xx_HAL_Driver/Src/stm32h7xx_hal_i2c_ex.c **** 
 236:Drivers/STM32H7xx_HAL_Driver/Src/stm32h7xx_hal_i2c_ex.c ****   if (hi2c->State == HAL_I2C_STATE_READY)
 387              		.loc 1 236 3 view .LVU112
 388              		.loc 1 236 11 is_stmt 0 view .LVU113
 389 0000 90F84120 		ldrb	r2, [r0, #65]	@ zero_extendqisi2
 390              		.loc 1 236 6 view .LVU114
 391 0004 202A     		cmp	r2, #32
 392 0006 1ED1     		bne	.L28
 393 0008 0346     		mov	r3, r0
 232:Drivers/STM32H7xx_HAL_Driver/Src/stm32h7xx_hal_i2c_ex.c ****   /* Check the parameters */
 394              		.loc 1 232 1 view .LVU115
 395 000a 30B4     		push	{r4, r5}
 396              	.LCFI12:
 397              		.cfi_def_cfa_offset 8
 398              		.cfi_offset 4, -8
 399              		.cfi_offset 5, -4
ARM GAS  /tmp/cc6C8wBW.s 			page 13


 400 000c D5B2     		uxtb	r5, r2
 237:Drivers/STM32H7xx_HAL_Driver/Src/stm32h7xx_hal_i2c_ex.c ****   {
 238:Drivers/STM32H7xx_HAL_Driver/Src/stm32h7xx_hal_i2c_ex.c ****     /* Process Locked */
 239:Drivers/STM32H7xx_HAL_Driver/Src/stm32h7xx_hal_i2c_ex.c ****     __HAL_LOCK(hi2c);
 401              		.loc 1 239 5 is_stmt 1 view .LVU116
 402              		.loc 1 239 5 view .LVU117
 403 000e 90F84020 		ldrb	r2, [r0, #64]	@ zero_extendqisi2
 404 0012 012A     		cmp	r2, #1
 405 0014 19D0     		beq	.L29
 406              		.loc 1 239 5 discriminator 2 view .LVU118
 407              		.loc 1 239 5 discriminator 2 view .LVU119
 240:Drivers/STM32H7xx_HAL_Driver/Src/stm32h7xx_hal_i2c_ex.c **** 
 241:Drivers/STM32H7xx_HAL_Driver/Src/stm32h7xx_hal_i2c_ex.c ****     hi2c->State = HAL_I2C_STATE_BUSY;
 408              		.loc 1 241 5 discriminator 2 view .LVU120
 242:Drivers/STM32H7xx_HAL_Driver/Src/stm32h7xx_hal_i2c_ex.c **** 
 243:Drivers/STM32H7xx_HAL_Driver/Src/stm32h7xx_hal_i2c_ex.c ****     /* Disable the selected I2C peripheral */
 244:Drivers/STM32H7xx_HAL_Driver/Src/stm32h7xx_hal_i2c_ex.c ****     __HAL_I2C_DISABLE(hi2c);
 409              		.loc 1 244 5 is_stmt 0 discriminator 2 view .LVU121
 410 0016 0268     		ldr	r2, [r0]
 241:Drivers/STM32H7xx_HAL_Driver/Src/stm32h7xx_hal_i2c_ex.c **** 
 411              		.loc 1 241 17 discriminator 2 view .LVU122
 412 0018 2421     		movs	r1, #36
 245:Drivers/STM32H7xx_HAL_Driver/Src/stm32h7xx_hal_i2c_ex.c **** 
 246:Drivers/STM32H7xx_HAL_Driver/Src/stm32h7xx_hal_i2c_ex.c ****     /* Enable wakeup from stop mode */
 247:Drivers/STM32H7xx_HAL_Driver/Src/stm32h7xx_hal_i2c_ex.c ****     hi2c->Instance->CR1 &= ~(I2C_CR1_WUPEN);
 248:Drivers/STM32H7xx_HAL_Driver/Src/stm32h7xx_hal_i2c_ex.c **** 
 249:Drivers/STM32H7xx_HAL_Driver/Src/stm32h7xx_hal_i2c_ex.c ****     __HAL_I2C_ENABLE(hi2c);
 250:Drivers/STM32H7xx_HAL_Driver/Src/stm32h7xx_hal_i2c_ex.c **** 
 251:Drivers/STM32H7xx_HAL_Driver/Src/stm32h7xx_hal_i2c_ex.c ****     hi2c->State = HAL_I2C_STATE_READY;
 252:Drivers/STM32H7xx_HAL_Driver/Src/stm32h7xx_hal_i2c_ex.c **** 
 253:Drivers/STM32H7xx_HAL_Driver/Src/stm32h7xx_hal_i2c_ex.c ****     /* Process Unlocked */
 254:Drivers/STM32H7xx_HAL_Driver/Src/stm32h7xx_hal_i2c_ex.c ****     __HAL_UNLOCK(hi2c);
 413              		.loc 1 254 5 discriminator 2 view .LVU123
 414 001a 0024     		movs	r4, #0
 241:Drivers/STM32H7xx_HAL_Driver/Src/stm32h7xx_hal_i2c_ex.c **** 
 415              		.loc 1 241 17 discriminator 2 view .LVU124
 416 001c 80F84110 		strb	r1, [r0, #65]
 244:Drivers/STM32H7xx_HAL_Driver/Src/stm32h7xx_hal_i2c_ex.c **** 
 417              		.loc 1 244 5 is_stmt 1 discriminator 2 view .LVU125
 418 0020 1168     		ldr	r1, [r2]
 255:Drivers/STM32H7xx_HAL_Driver/Src/stm32h7xx_hal_i2c_ex.c **** 
 256:Drivers/STM32H7xx_HAL_Driver/Src/stm32h7xx_hal_i2c_ex.c ****     return HAL_OK;
 419              		.loc 1 256 12 is_stmt 0 discriminator 2 view .LVU126
 420 0022 2046     		mov	r0, r4
 421              	.LVL26:
 244:Drivers/STM32H7xx_HAL_Driver/Src/stm32h7xx_hal_i2c_ex.c **** 
 422              		.loc 1 244 5 discriminator 2 view .LVU127
 423 0024 21F00101 		bic	r1, r1, #1
 424 0028 1160     		str	r1, [r2]
 247:Drivers/STM32H7xx_HAL_Driver/Src/stm32h7xx_hal_i2c_ex.c **** 
 425              		.loc 1 247 5 is_stmt 1 discriminator 2 view .LVU128
 247:Drivers/STM32H7xx_HAL_Driver/Src/stm32h7xx_hal_i2c_ex.c **** 
 426              		.loc 1 247 25 is_stmt 0 discriminator 2 view .LVU129
 427 002a 1168     		ldr	r1, [r2]
 428 002c 21F48021 		bic	r1, r1, #262144
 429 0030 1160     		str	r1, [r2]
 249:Drivers/STM32H7xx_HAL_Driver/Src/stm32h7xx_hal_i2c_ex.c **** 
ARM GAS  /tmp/cc6C8wBW.s 			page 14


 430              		.loc 1 249 5 is_stmt 1 discriminator 2 view .LVU130
 431 0032 1168     		ldr	r1, [r2]
 432 0034 41F00101 		orr	r1, r1, #1
 433 0038 1160     		str	r1, [r2]
 251:Drivers/STM32H7xx_HAL_Driver/Src/stm32h7xx_hal_i2c_ex.c **** 
 434              		.loc 1 251 5 discriminator 2 view .LVU131
 251:Drivers/STM32H7xx_HAL_Driver/Src/stm32h7xx_hal_i2c_ex.c **** 
 435              		.loc 1 251 17 is_stmt 0 discriminator 2 view .LVU132
 436 003a 83F84150 		strb	r5, [r3, #65]
 254:Drivers/STM32H7xx_HAL_Driver/Src/stm32h7xx_hal_i2c_ex.c **** 
 437              		.loc 1 254 5 is_stmt 1 discriminator 2 view .LVU133
 254:Drivers/STM32H7xx_HAL_Driver/Src/stm32h7xx_hal_i2c_ex.c **** 
 438              		.loc 1 254 5 discriminator 2 view .LVU134
 439 003e 83F84040 		strb	r4, [r3, #64]
 254:Drivers/STM32H7xx_HAL_Driver/Src/stm32h7xx_hal_i2c_ex.c **** 
 440              		.loc 1 254 5 discriminator 2 view .LVU135
 441              		.loc 1 256 5 discriminator 2 view .LVU136
 257:Drivers/STM32H7xx_HAL_Driver/Src/stm32h7xx_hal_i2c_ex.c ****   }
 258:Drivers/STM32H7xx_HAL_Driver/Src/stm32h7xx_hal_i2c_ex.c ****   else
 259:Drivers/STM32H7xx_HAL_Driver/Src/stm32h7xx_hal_i2c_ex.c ****   {
 260:Drivers/STM32H7xx_HAL_Driver/Src/stm32h7xx_hal_i2c_ex.c ****     return HAL_BUSY;
 261:Drivers/STM32H7xx_HAL_Driver/Src/stm32h7xx_hal_i2c_ex.c ****   }
 262:Drivers/STM32H7xx_HAL_Driver/Src/stm32h7xx_hal_i2c_ex.c **** }
 442              		.loc 1 262 1 is_stmt 0 discriminator 2 view .LVU137
 443 0042 30BC     		pop	{r4, r5}
 444              	.LCFI13:
 445              		.cfi_restore 5
 446              		.cfi_restore 4
 447              		.cfi_def_cfa_offset 0
 448 0044 7047     		bx	lr
 449              	.LVL27:
 450              	.L28:
 260:Drivers/STM32H7xx_HAL_Driver/Src/stm32h7xx_hal_i2c_ex.c ****   }
 451              		.loc 1 260 12 view .LVU138
 452 0046 0220     		movs	r0, #2
 453              	.LVL28:
 454              		.loc 1 262 1 view .LVU139
 455 0048 7047     		bx	lr
 456              	.LVL29:
 457              	.L29:
 458              	.LCFI14:
 459              		.cfi_def_cfa_offset 8
 460              		.cfi_offset 4, -8
 461              		.cfi_offset 5, -4
 260:Drivers/STM32H7xx_HAL_Driver/Src/stm32h7xx_hal_i2c_ex.c ****   }
 462              		.loc 1 260 12 view .LVU140
 463 004a 0220     		movs	r0, #2
 464              	.LVL30:
 465              		.loc 1 262 1 view .LVU141
 466 004c 30BC     		pop	{r4, r5}
 467              	.LCFI15:
 468              		.cfi_restore 5
 469              		.cfi_restore 4
 470              		.cfi_def_cfa_offset 0
 471 004e 7047     		bx	lr
 472              		.cfi_endproc
 473              	.LFE144:
ARM GAS  /tmp/cc6C8wBW.s 			page 15


 475              		.section	.text.HAL_I2CEx_EnableFastModePlus,"ax",%progbits
 476              		.align	1
 477              		.p2align 2,,3
 478              		.global	HAL_I2CEx_EnableFastModePlus
 479              		.syntax unified
 480              		.thumb
 481              		.thumb_func
 482              		.fpu fpv5-d16
 484              	HAL_I2CEx_EnableFastModePlus:
 485              	.LVL31:
 486              	.LFB145:
 263:Drivers/STM32H7xx_HAL_Driver/Src/stm32h7xx_hal_i2c_ex.c **** 
 264:Drivers/STM32H7xx_HAL_Driver/Src/stm32h7xx_hal_i2c_ex.c **** /**
 265:Drivers/STM32H7xx_HAL_Driver/Src/stm32h7xx_hal_i2c_ex.c ****   * @brief Enable the I2C fast mode plus driving capability.
 266:Drivers/STM32H7xx_HAL_Driver/Src/stm32h7xx_hal_i2c_ex.c ****   * @param ConfigFastModePlus Selects the pin.
 267:Drivers/STM32H7xx_HAL_Driver/Src/stm32h7xx_hal_i2c_ex.c ****   *   This parameter can be one of the @ref I2CEx_FastModePlus values
 268:Drivers/STM32H7xx_HAL_Driver/Src/stm32h7xx_hal_i2c_ex.c ****   * @note  For I2C1, fast mode plus driving capability can be enabled on all selected
 269:Drivers/STM32H7xx_HAL_Driver/Src/stm32h7xx_hal_i2c_ex.c ****   *        I2C1 pins using I2C_FASTMODEPLUS_I2C1 parameter or independently
 270:Drivers/STM32H7xx_HAL_Driver/Src/stm32h7xx_hal_i2c_ex.c ****   *        on each one of the following pins PB6, PB7, PB8 and PB9.
 271:Drivers/STM32H7xx_HAL_Driver/Src/stm32h7xx_hal_i2c_ex.c ****   * @note  For remaining I2C1 pins (PA14, PA15...) fast mode plus driving capability
 272:Drivers/STM32H7xx_HAL_Driver/Src/stm32h7xx_hal_i2c_ex.c ****   *        can be enabled only by using I2C_FASTMODEPLUS_I2C1 parameter.
 273:Drivers/STM32H7xx_HAL_Driver/Src/stm32h7xx_hal_i2c_ex.c ****   * @note  For all I2C2 pins fast mode plus driving capability can be enabled
 274:Drivers/STM32H7xx_HAL_Driver/Src/stm32h7xx_hal_i2c_ex.c ****   *        only by using I2C_FASTMODEPLUS_I2C2 parameter.
 275:Drivers/STM32H7xx_HAL_Driver/Src/stm32h7xx_hal_i2c_ex.c ****   * @note  For all I2C3 pins fast mode plus driving capability can be enabled
 276:Drivers/STM32H7xx_HAL_Driver/Src/stm32h7xx_hal_i2c_ex.c ****   *        only by using I2C_FASTMODEPLUS_I2C3 parameter.
 277:Drivers/STM32H7xx_HAL_Driver/Src/stm32h7xx_hal_i2c_ex.c ****   * @note  For all I2C4 pins fast mode plus driving capability can be enabled
 278:Drivers/STM32H7xx_HAL_Driver/Src/stm32h7xx_hal_i2c_ex.c ****   *        only by using I2C_FASTMODEPLUS_I2C4 parameter.
 279:Drivers/STM32H7xx_HAL_Driver/Src/stm32h7xx_hal_i2c_ex.c ****   * @retval None
 280:Drivers/STM32H7xx_HAL_Driver/Src/stm32h7xx_hal_i2c_ex.c ****   */
 281:Drivers/STM32H7xx_HAL_Driver/Src/stm32h7xx_hal_i2c_ex.c **** void HAL_I2CEx_EnableFastModePlus(uint32_t ConfigFastModePlus)
 282:Drivers/STM32H7xx_HAL_Driver/Src/stm32h7xx_hal_i2c_ex.c **** {
 487              		.loc 1 282 1 is_stmt 1 view -0
 488              		.cfi_startproc
 489              		@ args = 0, pretend = 0, frame = 8
 490              		@ frame_needed = 0, uses_anonymous_args = 0
 491              		@ link register save eliminated.
 283:Drivers/STM32H7xx_HAL_Driver/Src/stm32h7xx_hal_i2c_ex.c ****   /* Check the parameter */
 284:Drivers/STM32H7xx_HAL_Driver/Src/stm32h7xx_hal_i2c_ex.c ****   assert_param(IS_I2C_FASTMODEPLUS(ConfigFastModePlus));
 492              		.loc 1 284 3 view .LVU143
 285:Drivers/STM32H7xx_HAL_Driver/Src/stm32h7xx_hal_i2c_ex.c **** 
 286:Drivers/STM32H7xx_HAL_Driver/Src/stm32h7xx_hal_i2c_ex.c ****   /* Enable SYSCFG clock */
 287:Drivers/STM32H7xx_HAL_Driver/Src/stm32h7xx_hal_i2c_ex.c ****   __HAL_RCC_SYSCFG_CLK_ENABLE();
 493              		.loc 1 287 3 view .LVU144
 494              	.LBB2:
 495              		.loc 1 287 3 view .LVU145
 496              		.loc 1 287 3 view .LVU146
 497 0000 0B4A     		ldr	r2, .L36
 498 0002 D2F8F410 		ldr	r1, [r2, #244]
 499 0006 41F00201 		orr	r1, r1, #2
 500              	.LBE2:
 282:Drivers/STM32H7xx_HAL_Driver/Src/stm32h7xx_hal_i2c_ex.c ****   /* Check the parameter */
 501              		.loc 1 282 1 is_stmt 0 view .LVU147
 502 000a 10B4     		push	{r4}
 503              	.LCFI16:
 504              		.cfi_def_cfa_offset 4
 505              		.cfi_offset 4, -4
 506              	.LBB3:
ARM GAS  /tmp/cc6C8wBW.s 			page 16


 507              		.loc 1 287 3 view .LVU148
 508 000c C2F8F410 		str	r1, [r2, #244]
 509              		.loc 1 287 3 is_stmt 1 view .LVU149
 510              	.LBE3:
 282:Drivers/STM32H7xx_HAL_Driver/Src/stm32h7xx_hal_i2c_ex.c ****   /* Check the parameter */
 511              		.loc 1 282 1 is_stmt 0 view .LVU150
 512 0010 83B0     		sub	sp, sp, #12
 513              	.LCFI17:
 514              		.cfi_def_cfa_offset 16
 515              	.LBB4:
 516              		.loc 1 287 3 view .LVU151
 517 0012 D2F8F420 		ldr	r2, [r2, #244]
 518              	.LBE4:
 288:Drivers/STM32H7xx_HAL_Driver/Src/stm32h7xx_hal_i2c_ex.c **** 
 289:Drivers/STM32H7xx_HAL_Driver/Src/stm32h7xx_hal_i2c_ex.c ****   /* Enable fast mode plus driving capability for selected pin */
 290:Drivers/STM32H7xx_HAL_Driver/Src/stm32h7xx_hal_i2c_ex.c ****   SET_BIT(SYSCFG->PMCR, (uint32_t)ConfigFastModePlus);
 519              		.loc 1 290 3 view .LVU152
 520 0016 074C     		ldr	r4, .L36+4
 521              	.LBB5:
 287:Drivers/STM32H7xx_HAL_Driver/Src/stm32h7xx_hal_i2c_ex.c **** 
 522              		.loc 1 287 3 view .LVU153
 523 0018 02F00202 		and	r2, r2, #2
 524 001c 0192     		str	r2, [sp, #4]
 287:Drivers/STM32H7xx_HAL_Driver/Src/stm32h7xx_hal_i2c_ex.c **** 
 525              		.loc 1 287 3 is_stmt 1 view .LVU154
 526 001e 019B     		ldr	r3, [sp, #4]
 527              	.LBE5:
 287:Drivers/STM32H7xx_HAL_Driver/Src/stm32h7xx_hal_i2c_ex.c **** 
 528              		.loc 1 287 3 view .LVU155
 529              		.loc 1 290 3 view .LVU156
 530 0020 6368     		ldr	r3, [r4, #4]
 531 0022 1843     		orrs	r0, r0, r3
 532              	.LVL32:
 533              		.loc 1 290 3 is_stmt 0 view .LVU157
 534 0024 6060     		str	r0, [r4, #4]
 291:Drivers/STM32H7xx_HAL_Driver/Src/stm32h7xx_hal_i2c_ex.c **** }
 535              		.loc 1 291 1 view .LVU158
 536 0026 03B0     		add	sp, sp, #12
 537              	.LCFI18:
 538              		.cfi_def_cfa_offset 4
 539              		@ sp needed
 540 0028 5DF8044B 		ldr	r4, [sp], #4
 541              	.LCFI19:
 542              		.cfi_restore 4
 543              		.cfi_def_cfa_offset 0
 544 002c 7047     		bx	lr
 545              	.L37:
 546 002e 00BF     		.align	2
 547              	.L36:
 548 0030 00440258 		.word	1476543488
 549 0034 00040058 		.word	1476396032
 550              		.cfi_endproc
 551              	.LFE145:
 553              		.section	.text.HAL_I2CEx_DisableFastModePlus,"ax",%progbits
 554              		.align	1
 555              		.p2align 2,,3
 556              		.global	HAL_I2CEx_DisableFastModePlus
ARM GAS  /tmp/cc6C8wBW.s 			page 17


 557              		.syntax unified
 558              		.thumb
 559              		.thumb_func
 560              		.fpu fpv5-d16
 562              	HAL_I2CEx_DisableFastModePlus:
 563              	.LVL33:
 564              	.LFB146:
 292:Drivers/STM32H7xx_HAL_Driver/Src/stm32h7xx_hal_i2c_ex.c **** 
 293:Drivers/STM32H7xx_HAL_Driver/Src/stm32h7xx_hal_i2c_ex.c **** /**
 294:Drivers/STM32H7xx_HAL_Driver/Src/stm32h7xx_hal_i2c_ex.c ****   * @brief Disable the I2C fast mode plus driving capability.
 295:Drivers/STM32H7xx_HAL_Driver/Src/stm32h7xx_hal_i2c_ex.c ****   * @param ConfigFastModePlus Selects the pin.
 296:Drivers/STM32H7xx_HAL_Driver/Src/stm32h7xx_hal_i2c_ex.c ****   *   This parameter can be one of the @ref I2CEx_FastModePlus values
 297:Drivers/STM32H7xx_HAL_Driver/Src/stm32h7xx_hal_i2c_ex.c ****   * @note  For I2C1, fast mode plus driving capability can be disabled on all selected
 298:Drivers/STM32H7xx_HAL_Driver/Src/stm32h7xx_hal_i2c_ex.c ****   *        I2C1 pins using I2C_FASTMODEPLUS_I2C1 parameter or independently
 299:Drivers/STM32H7xx_HAL_Driver/Src/stm32h7xx_hal_i2c_ex.c ****   *        on each one of the following pins PB6, PB7, PB8 and PB9.
 300:Drivers/STM32H7xx_HAL_Driver/Src/stm32h7xx_hal_i2c_ex.c ****   * @note  For remaining I2C1 pins (PA14, PA15...) fast mode plus driving capability
 301:Drivers/STM32H7xx_HAL_Driver/Src/stm32h7xx_hal_i2c_ex.c ****   *        can be disabled only by using I2C_FASTMODEPLUS_I2C1 parameter.
 302:Drivers/STM32H7xx_HAL_Driver/Src/stm32h7xx_hal_i2c_ex.c ****   * @note  For all I2C2 pins fast mode plus driving capability can be disabled
 303:Drivers/STM32H7xx_HAL_Driver/Src/stm32h7xx_hal_i2c_ex.c ****   *        only by using I2C_FASTMODEPLUS_I2C2 parameter.
 304:Drivers/STM32H7xx_HAL_Driver/Src/stm32h7xx_hal_i2c_ex.c ****   * @note  For all I2C3 pins fast mode plus driving capability can be disabled
 305:Drivers/STM32H7xx_HAL_Driver/Src/stm32h7xx_hal_i2c_ex.c ****   *        only by using I2C_FASTMODEPLUS_I2C3 parameter.
 306:Drivers/STM32H7xx_HAL_Driver/Src/stm32h7xx_hal_i2c_ex.c ****   * @note  For all I2C4 pins fast mode plus driving capability can be disabled
 307:Drivers/STM32H7xx_HAL_Driver/Src/stm32h7xx_hal_i2c_ex.c ****   *        only by using I2C_FASTMODEPLUS_I2C4 parameter.
 308:Drivers/STM32H7xx_HAL_Driver/Src/stm32h7xx_hal_i2c_ex.c ****   * @retval None
 309:Drivers/STM32H7xx_HAL_Driver/Src/stm32h7xx_hal_i2c_ex.c ****   */
 310:Drivers/STM32H7xx_HAL_Driver/Src/stm32h7xx_hal_i2c_ex.c **** void HAL_I2CEx_DisableFastModePlus(uint32_t ConfigFastModePlus)
 311:Drivers/STM32H7xx_HAL_Driver/Src/stm32h7xx_hal_i2c_ex.c **** {
 565              		.loc 1 311 1 is_stmt 1 view -0
 566              		.cfi_startproc
 567              		@ args = 0, pretend = 0, frame = 8
 568              		@ frame_needed = 0, uses_anonymous_args = 0
 569              		@ link register save eliminated.
 312:Drivers/STM32H7xx_HAL_Driver/Src/stm32h7xx_hal_i2c_ex.c ****   /* Check the parameter */
 313:Drivers/STM32H7xx_HAL_Driver/Src/stm32h7xx_hal_i2c_ex.c ****   assert_param(IS_I2C_FASTMODEPLUS(ConfigFastModePlus));
 570              		.loc 1 313 3 view .LVU160
 314:Drivers/STM32H7xx_HAL_Driver/Src/stm32h7xx_hal_i2c_ex.c **** 
 315:Drivers/STM32H7xx_HAL_Driver/Src/stm32h7xx_hal_i2c_ex.c ****   /* Enable SYSCFG clock */
 316:Drivers/STM32H7xx_HAL_Driver/Src/stm32h7xx_hal_i2c_ex.c ****   __HAL_RCC_SYSCFG_CLK_ENABLE();
 571              		.loc 1 316 3 view .LVU161
 572              	.LBB6:
 573              		.loc 1 316 3 view .LVU162
 574              		.loc 1 316 3 view .LVU163
 575 0000 0B4A     		ldr	r2, .L40
 576 0002 D2F8F410 		ldr	r1, [r2, #244]
 577 0006 41F00201 		orr	r1, r1, #2
 578              	.LBE6:
 311:Drivers/STM32H7xx_HAL_Driver/Src/stm32h7xx_hal_i2c_ex.c ****   /* Check the parameter */
 579              		.loc 1 311 1 is_stmt 0 view .LVU164
 580 000a 10B4     		push	{r4}
 581              	.LCFI20:
 582              		.cfi_def_cfa_offset 4
 583              		.cfi_offset 4, -4
 584              	.LBB7:
 585              		.loc 1 316 3 view .LVU165
 586 000c C2F8F410 		str	r1, [r2, #244]
 587              		.loc 1 316 3 is_stmt 1 view .LVU166
 588              	.LBE7:
ARM GAS  /tmp/cc6C8wBW.s 			page 18


 311:Drivers/STM32H7xx_HAL_Driver/Src/stm32h7xx_hal_i2c_ex.c ****   /* Check the parameter */
 589              		.loc 1 311 1 is_stmt 0 view .LVU167
 590 0010 83B0     		sub	sp, sp, #12
 591              	.LCFI21:
 592              		.cfi_def_cfa_offset 16
 593              	.LBB8:
 594              		.loc 1 316 3 view .LVU168
 595 0012 D2F8F420 		ldr	r2, [r2, #244]
 596              	.LBE8:
 317:Drivers/STM32H7xx_HAL_Driver/Src/stm32h7xx_hal_i2c_ex.c **** 
 318:Drivers/STM32H7xx_HAL_Driver/Src/stm32h7xx_hal_i2c_ex.c ****   /* Disable fast mode plus driving capability for selected pin */
 319:Drivers/STM32H7xx_HAL_Driver/Src/stm32h7xx_hal_i2c_ex.c ****   CLEAR_BIT(SYSCFG->PMCR, (uint32_t)ConfigFastModePlus);
 597              		.loc 1 319 3 view .LVU169
 598 0016 074C     		ldr	r4, .L40+4
 599              	.LBB9:
 316:Drivers/STM32H7xx_HAL_Driver/Src/stm32h7xx_hal_i2c_ex.c **** 
 600              		.loc 1 316 3 view .LVU170
 601 0018 02F00202 		and	r2, r2, #2
 602 001c 0192     		str	r2, [sp, #4]
 316:Drivers/STM32H7xx_HAL_Driver/Src/stm32h7xx_hal_i2c_ex.c **** 
 603              		.loc 1 316 3 is_stmt 1 view .LVU171
 604 001e 019B     		ldr	r3, [sp, #4]
 605              	.LBE9:
 316:Drivers/STM32H7xx_HAL_Driver/Src/stm32h7xx_hal_i2c_ex.c **** 
 606              		.loc 1 316 3 view .LVU172
 607              		.loc 1 319 3 view .LVU173
 608 0020 6368     		ldr	r3, [r4, #4]
 609 0022 23EA0000 		bic	r0, r3, r0
 610              	.LVL34:
 611              		.loc 1 319 3 is_stmt 0 view .LVU174
 612 0026 6060     		str	r0, [r4, #4]
 320:Drivers/STM32H7xx_HAL_Driver/Src/stm32h7xx_hal_i2c_ex.c **** }
 613              		.loc 1 320 1 view .LVU175
 614 0028 03B0     		add	sp, sp, #12
 615              	.LCFI22:
 616              		.cfi_def_cfa_offset 4
 617              		@ sp needed
 618 002a 5DF8044B 		ldr	r4, [sp], #4
 619              	.LCFI23:
 620              		.cfi_restore 4
 621              		.cfi_def_cfa_offset 0
 622 002e 7047     		bx	lr
 623              	.L41:
 624              		.align	2
 625              	.L40:
 626 0030 00440258 		.word	1476543488
 627 0034 00040058 		.word	1476396032
 628              		.cfi_endproc
 629              	.LFE146:
 631              		.text
 632              	.Letext0:
 633              		.file 2 "/opt/gcc-arm-none-eabi/arm-none-eabi/include/machine/_default_types.h"
 634              		.file 3 "/opt/gcc-arm-none-eabi/arm-none-eabi/include/sys/_stdint.h"
 635              		.file 4 "Drivers/CMSIS/Include/core_cm7.h"
 636              		.file 5 "Drivers/CMSIS/Device/ST/STM32H7xx/Include/system_stm32h7xx.h"
 637              		.file 6 "Drivers/CMSIS/Device/ST/STM32H7xx/Include/stm32h750xx.h"
 638              		.file 7 "/opt/gcc-arm-none-eabi/lib/gcc/arm-none-eabi/9.3.1/include/stddef.h"
ARM GAS  /tmp/cc6C8wBW.s 			page 19


 639              		.file 8 "/opt/gcc-arm-none-eabi/arm-none-eabi/include/sys/_types.h"
 640              		.file 9 "/opt/gcc-arm-none-eabi/arm-none-eabi/include/sys/reent.h"
 641              		.file 10 "/opt/gcc-arm-none-eabi/arm-none-eabi/include/sys/lock.h"
 642              		.file 11 "Drivers/STM32H7xx_HAL_Driver/Inc/stm32h7xx_hal_def.h"
 643              		.file 12 "Drivers/STM32H7xx_HAL_Driver/Inc/stm32h7xx_hal_dma.h"
 644              		.file 13 "Drivers/STM32H7xx_HAL_Driver/Inc/stm32h7xx_hal_flash.h"
 645              		.file 14 "Drivers/STM32H7xx_HAL_Driver/Inc/stm32h7xx_hal_i2c.h"
 646              		.file 15 "Drivers/STM32H7xx_HAL_Driver/Inc/stm32h7xx_hal.h"
ARM GAS  /tmp/cc6C8wBW.s 			page 20


DEFINED SYMBOLS
                            *ABS*:0000000000000000 stm32h7xx_hal_i2c_ex.c
     /tmp/cc6C8wBW.s:17     .text.HAL_I2CEx_ConfigAnalogFilter:0000000000000000 $t
     /tmp/cc6C8wBW.s:26     .text.HAL_I2CEx_ConfigAnalogFilter:0000000000000000 HAL_I2CEx_ConfigAnalogFilter
     /tmp/cc6C8wBW.s:137    .text.HAL_I2CEx_ConfigDigitalFilter:0000000000000000 $t
     /tmp/cc6C8wBW.s:145    .text.HAL_I2CEx_ConfigDigitalFilter:0000000000000000 HAL_I2CEx_ConfigDigitalFilter
     /tmp/cc6C8wBW.s:264    .text.HAL_I2CEx_EnableWakeUp:0000000000000000 $t
     /tmp/cc6C8wBW.s:272    .text.HAL_I2CEx_EnableWakeUp:0000000000000000 HAL_I2CEx_EnableWakeUp
     /tmp/cc6C8wBW.s:370    .text.HAL_I2CEx_DisableWakeUp:0000000000000000 $t
     /tmp/cc6C8wBW.s:378    .text.HAL_I2CEx_DisableWakeUp:0000000000000000 HAL_I2CEx_DisableWakeUp
     /tmp/cc6C8wBW.s:476    .text.HAL_I2CEx_EnableFastModePlus:0000000000000000 $t
     /tmp/cc6C8wBW.s:484    .text.HAL_I2CEx_EnableFastModePlus:0000000000000000 HAL_I2CEx_EnableFastModePlus
     /tmp/cc6C8wBW.s:548    .text.HAL_I2CEx_EnableFastModePlus:0000000000000030 $d
     /tmp/cc6C8wBW.s:554    .text.HAL_I2CEx_DisableFastModePlus:0000000000000000 $t
     /tmp/cc6C8wBW.s:562    .text.HAL_I2CEx_DisableFastModePlus:0000000000000000 HAL_I2CEx_DisableFastModePlus
     /tmp/cc6C8wBW.s:626    .text.HAL_I2CEx_DisableFastModePlus:0000000000000030 $d

NO UNDEFINED SYMBOLS
