ARM GAS  /tmp/cctKpbaE.s 			page 1


   1              		.cpu cortex-m7
   2              		.eabi_attribute 28, 1
   3              		.eabi_attribute 20, 1
   4              		.eabi_attribute 21, 1
   5              		.eabi_attribute 23, 3
   6              		.eabi_attribute 24, 1
   7              		.eabi_attribute 25, 1
   8              		.eabi_attribute 26, 1
   9              		.eabi_attribute 30, 2
  10              		.eabi_attribute 34, 1
  11              		.eabi_attribute 18, 4
  12              		.file	"stm32h7xx_it.c"
  13              		.text
  14              	.Ltext0:
  15              		.cfi_sections	.debug_frame
  16              		.section	.text.NMI_Handler,"ax",%progbits
  17              		.align	1
  18              		.p2align 2,,3
  19              		.global	NMI_Handler
  20              		.arch armv7e-m
  21              		.syntax unified
  22              		.thumb
  23              		.thumb_func
  24              		.fpu fpv5-d16
  26              	NMI_Handler:
  27              	.LFB141:
  28              		.file 1 "Core/Src/stm32h7xx_it.c"
   1:Core/Src/stm32h7xx_it.c **** /* USER CODE BEGIN Header */
   2:Core/Src/stm32h7xx_it.c **** /**
   3:Core/Src/stm32h7xx_it.c ****   ******************************************************************************
   4:Core/Src/stm32h7xx_it.c ****   * @file    stm32h7xx_it.c
   5:Core/Src/stm32h7xx_it.c ****   * @brief   Interrupt Service Routines.
   6:Core/Src/stm32h7xx_it.c ****   ******************************************************************************
   7:Core/Src/stm32h7xx_it.c ****   * @attention
   8:Core/Src/stm32h7xx_it.c ****   *
   9:Core/Src/stm32h7xx_it.c ****   * <h2><center>&copy; Copyright (c) 2020 STMicroelectronics.
  10:Core/Src/stm32h7xx_it.c ****   * All rights reserved.</center></h2>
  11:Core/Src/stm32h7xx_it.c ****   *
  12:Core/Src/stm32h7xx_it.c ****   * This software component is licensed by ST under BSD 3-Clause license,
  13:Core/Src/stm32h7xx_it.c ****   * the "License"; You may not use this file except in compliance with the
  14:Core/Src/stm32h7xx_it.c ****   * License. You may obtain a copy of the License at:
  15:Core/Src/stm32h7xx_it.c ****   *                        opensource.org/licenses/BSD-3-Clause
  16:Core/Src/stm32h7xx_it.c ****   *
  17:Core/Src/stm32h7xx_it.c ****   ******************************************************************************
  18:Core/Src/stm32h7xx_it.c ****   */
  19:Core/Src/stm32h7xx_it.c **** /* USER CODE END Header */
  20:Core/Src/stm32h7xx_it.c **** 
  21:Core/Src/stm32h7xx_it.c **** /* Includes ------------------------------------------------------------------*/
  22:Core/Src/stm32h7xx_it.c **** #include "main.h"
  23:Core/Src/stm32h7xx_it.c **** #include "stm32h7xx_it.h"
  24:Core/Src/stm32h7xx_it.c **** /* Private includes ----------------------------------------------------------*/
  25:Core/Src/stm32h7xx_it.c **** /* USER CODE BEGIN Includes */
  26:Core/Src/stm32h7xx_it.c **** /* USER CODE END Includes */
  27:Core/Src/stm32h7xx_it.c **** 
  28:Core/Src/stm32h7xx_it.c **** /* Private typedef -----------------------------------------------------------*/
  29:Core/Src/stm32h7xx_it.c **** /* USER CODE BEGIN TD */
  30:Core/Src/stm32h7xx_it.c **** 
ARM GAS  /tmp/cctKpbaE.s 			page 2


  31:Core/Src/stm32h7xx_it.c **** /* USER CODE END TD */
  32:Core/Src/stm32h7xx_it.c **** 
  33:Core/Src/stm32h7xx_it.c **** /* Private define ------------------------------------------------------------*/
  34:Core/Src/stm32h7xx_it.c **** /* USER CODE BEGIN PD */
  35:Core/Src/stm32h7xx_it.c ****  
  36:Core/Src/stm32h7xx_it.c **** /* USER CODE END PD */
  37:Core/Src/stm32h7xx_it.c **** 
  38:Core/Src/stm32h7xx_it.c **** /* Private macro -------------------------------------------------------------*/
  39:Core/Src/stm32h7xx_it.c **** /* USER CODE BEGIN PM */
  40:Core/Src/stm32h7xx_it.c **** 
  41:Core/Src/stm32h7xx_it.c **** /* USER CODE END PM */
  42:Core/Src/stm32h7xx_it.c **** 
  43:Core/Src/stm32h7xx_it.c **** /* Private variables ---------------------------------------------------------*/
  44:Core/Src/stm32h7xx_it.c **** /* USER CODE BEGIN PV */
  45:Core/Src/stm32h7xx_it.c **** 
  46:Core/Src/stm32h7xx_it.c **** /* USER CODE END PV */
  47:Core/Src/stm32h7xx_it.c **** 
  48:Core/Src/stm32h7xx_it.c **** /* Private function prototypes -----------------------------------------------*/
  49:Core/Src/stm32h7xx_it.c **** /* USER CODE BEGIN PFP */
  50:Core/Src/stm32h7xx_it.c **** 
  51:Core/Src/stm32h7xx_it.c **** /* USER CODE END PFP */
  52:Core/Src/stm32h7xx_it.c **** 
  53:Core/Src/stm32h7xx_it.c **** /* Private user code ---------------------------------------------------------*/
  54:Core/Src/stm32h7xx_it.c **** /* USER CODE BEGIN 0 */
  55:Core/Src/stm32h7xx_it.c **** 
  56:Core/Src/stm32h7xx_it.c **** /* USER CODE END 0 */
  57:Core/Src/stm32h7xx_it.c **** 
  58:Core/Src/stm32h7xx_it.c **** /* External variables --------------------------------------------------------*/
  59:Core/Src/stm32h7xx_it.c **** 
  60:Core/Src/stm32h7xx_it.c **** /* USER CODE BEGIN EV */
  61:Core/Src/stm32h7xx_it.c **** 
  62:Core/Src/stm32h7xx_it.c **** /* USER CODE END EV */
  63:Core/Src/stm32h7xx_it.c **** 
  64:Core/Src/stm32h7xx_it.c **** /******************************************************************************/
  65:Core/Src/stm32h7xx_it.c **** /*           Cortex Processor Interruption and Exception Handlers          */ 
  66:Core/Src/stm32h7xx_it.c **** /******************************************************************************/
  67:Core/Src/stm32h7xx_it.c **** /**
  68:Core/Src/stm32h7xx_it.c ****   * @brief This function handles Non maskable interrupt.
  69:Core/Src/stm32h7xx_it.c ****   */
  70:Core/Src/stm32h7xx_it.c **** void NMI_Handler(void)
  71:Core/Src/stm32h7xx_it.c **** {
  29              		.loc 1 71 1 view -0
  30              		.cfi_startproc
  31              		@ args = 0, pretend = 0, frame = 0
  32              		@ frame_needed = 0, uses_anonymous_args = 0
  33              		@ link register save eliminated.
  72:Core/Src/stm32h7xx_it.c ****   /* USER CODE BEGIN NonMaskableInt_IRQn 0 */
  73:Core/Src/stm32h7xx_it.c **** 
  74:Core/Src/stm32h7xx_it.c ****   /* USER CODE END NonMaskableInt_IRQn 0 */
  75:Core/Src/stm32h7xx_it.c ****   /* USER CODE BEGIN NonMaskableInt_IRQn 1 */
  76:Core/Src/stm32h7xx_it.c **** 
  77:Core/Src/stm32h7xx_it.c ****   /* USER CODE END NonMaskableInt_IRQn 1 */
  78:Core/Src/stm32h7xx_it.c **** }
  34              		.loc 1 78 1 view .LVU1
  35 0000 7047     		bx	lr
  36              		.cfi_endproc
  37              	.LFE141:
ARM GAS  /tmp/cctKpbaE.s 			page 3


  39 0002 00BF     		.section	.text.HardFault_Handler,"ax",%progbits
  40              		.align	1
  41              		.p2align 2,,3
  42              		.global	HardFault_Handler
  43              		.syntax unified
  44              		.thumb
  45              		.thumb_func
  46              		.fpu fpv5-d16
  48              	HardFault_Handler:
  49              	.LFB142:
  79:Core/Src/stm32h7xx_it.c **** 
  80:Core/Src/stm32h7xx_it.c **** /**
  81:Core/Src/stm32h7xx_it.c ****   * @brief This function handles Hard fault interrupt.
  82:Core/Src/stm32h7xx_it.c ****   */
  83:Core/Src/stm32h7xx_it.c **** void HardFault_Handler(void)
  84:Core/Src/stm32h7xx_it.c **** {
  50              		.loc 1 84 1 view -0
  51              		.cfi_startproc
  52              		@ Volatile: function does not return.
  53              		@ args = 0, pretend = 0, frame = 0
  54              		@ frame_needed = 0, uses_anonymous_args = 0
  55              		@ link register save eliminated.
  56              	.L4:
  85:Core/Src/stm32h7xx_it.c ****   /* USER CODE BEGIN HardFault_IRQn 0 */
  86:Core/Src/stm32h7xx_it.c **** 
  87:Core/Src/stm32h7xx_it.c ****   /* USER CODE END HardFault_IRQn 0 */
  88:Core/Src/stm32h7xx_it.c ****   while (1)
  57              		.loc 1 88 3 discriminator 1 view .LVU3
  89:Core/Src/stm32h7xx_it.c ****   {
  90:Core/Src/stm32h7xx_it.c ****     /* USER CODE BEGIN W1_HardFault_IRQn 0 */
  91:Core/Src/stm32h7xx_it.c ****     /* USER CODE END W1_HardFault_IRQn 0 */
  92:Core/Src/stm32h7xx_it.c ****   }
  58              		.loc 1 92 3 discriminator 1 view .LVU4
  88:Core/Src/stm32h7xx_it.c ****   {
  59              		.loc 1 88 9 discriminator 1 view .LVU5
  60 0000 FEE7     		b	.L4
  61              		.cfi_endproc
  62              	.LFE142:
  64 0002 00BF     		.section	.text.MemManage_Handler,"ax",%progbits
  65              		.align	1
  66              		.p2align 2,,3
  67              		.global	MemManage_Handler
  68              		.syntax unified
  69              		.thumb
  70              		.thumb_func
  71              		.fpu fpv5-d16
  73              	MemManage_Handler:
  74              	.LFB143:
  93:Core/Src/stm32h7xx_it.c **** }
  94:Core/Src/stm32h7xx_it.c **** 
  95:Core/Src/stm32h7xx_it.c **** /**
  96:Core/Src/stm32h7xx_it.c ****   * @brief This function handles Memory management fault.
  97:Core/Src/stm32h7xx_it.c ****   */
  98:Core/Src/stm32h7xx_it.c **** void MemManage_Handler(void)
  99:Core/Src/stm32h7xx_it.c **** {
  75              		.loc 1 99 1 view -0
  76              		.cfi_startproc
ARM GAS  /tmp/cctKpbaE.s 			page 4


  77              		@ Volatile: function does not return.
  78              		@ args = 0, pretend = 0, frame = 0
  79              		@ frame_needed = 0, uses_anonymous_args = 0
  80              		@ link register save eliminated.
  81              	.L6:
 100:Core/Src/stm32h7xx_it.c ****   /* USER CODE BEGIN MemoryManagement_IRQn 0 */
 101:Core/Src/stm32h7xx_it.c **** 
 102:Core/Src/stm32h7xx_it.c ****   /* USER CODE END MemoryManagement_IRQn 0 */
 103:Core/Src/stm32h7xx_it.c ****   while (1)
  82              		.loc 1 103 3 discriminator 1 view .LVU7
 104:Core/Src/stm32h7xx_it.c ****   {
 105:Core/Src/stm32h7xx_it.c ****     /* USER CODE BEGIN W1_MemoryManagement_IRQn 0 */
 106:Core/Src/stm32h7xx_it.c ****     /* USER CODE END W1_MemoryManagement_IRQn 0 */
 107:Core/Src/stm32h7xx_it.c ****   }
  83              		.loc 1 107 3 discriminator 1 view .LVU8
 103:Core/Src/stm32h7xx_it.c ****   {
  84              		.loc 1 103 9 discriminator 1 view .LVU9
  85 0000 FEE7     		b	.L6
  86              		.cfi_endproc
  87              	.LFE143:
  89 0002 00BF     		.section	.text.BusFault_Handler,"ax",%progbits
  90              		.align	1
  91              		.p2align 2,,3
  92              		.global	BusFault_Handler
  93              		.syntax unified
  94              		.thumb
  95              		.thumb_func
  96              		.fpu fpv5-d16
  98              	BusFault_Handler:
  99              	.LFB144:
 108:Core/Src/stm32h7xx_it.c **** }
 109:Core/Src/stm32h7xx_it.c **** 
 110:Core/Src/stm32h7xx_it.c **** /**
 111:Core/Src/stm32h7xx_it.c ****   * @brief This function handles Pre-fetch fault, memory access fault.
 112:Core/Src/stm32h7xx_it.c ****   */
 113:Core/Src/stm32h7xx_it.c **** void BusFault_Handler(void)
 114:Core/Src/stm32h7xx_it.c **** {
 100              		.loc 1 114 1 view -0
 101              		.cfi_startproc
 102              		@ Volatile: function does not return.
 103              		@ args = 0, pretend = 0, frame = 0
 104              		@ frame_needed = 0, uses_anonymous_args = 0
 105              		@ link register save eliminated.
 106              	.L8:
 115:Core/Src/stm32h7xx_it.c ****   /* USER CODE BEGIN BusFault_IRQn 0 */
 116:Core/Src/stm32h7xx_it.c **** 
 117:Core/Src/stm32h7xx_it.c ****   /* USER CODE END BusFault_IRQn 0 */
 118:Core/Src/stm32h7xx_it.c ****   while (1)
 107              		.loc 1 118 3 discriminator 1 view .LVU11
 119:Core/Src/stm32h7xx_it.c ****   {
 120:Core/Src/stm32h7xx_it.c ****     /* USER CODE BEGIN W1_BusFault_IRQn 0 */
 121:Core/Src/stm32h7xx_it.c ****     /* USER CODE END W1_BusFault_IRQn 0 */
 122:Core/Src/stm32h7xx_it.c ****   }
 108              		.loc 1 122 3 discriminator 1 view .LVU12
 118:Core/Src/stm32h7xx_it.c ****   {
 109              		.loc 1 118 9 discriminator 1 view .LVU13
 110 0000 FEE7     		b	.L8
ARM GAS  /tmp/cctKpbaE.s 			page 5


 111              		.cfi_endproc
 112              	.LFE144:
 114 0002 00BF     		.section	.text.UsageFault_Handler,"ax",%progbits
 115              		.align	1
 116              		.p2align 2,,3
 117              		.global	UsageFault_Handler
 118              		.syntax unified
 119              		.thumb
 120              		.thumb_func
 121              		.fpu fpv5-d16
 123              	UsageFault_Handler:
 124              	.LFB145:
 123:Core/Src/stm32h7xx_it.c **** }
 124:Core/Src/stm32h7xx_it.c **** 
 125:Core/Src/stm32h7xx_it.c **** /**
 126:Core/Src/stm32h7xx_it.c ****   * @brief This function handles Undefined instruction or illegal state.
 127:Core/Src/stm32h7xx_it.c ****   */
 128:Core/Src/stm32h7xx_it.c **** void UsageFault_Handler(void)
 129:Core/Src/stm32h7xx_it.c **** {
 125              		.loc 1 129 1 view -0
 126              		.cfi_startproc
 127              		@ Volatile: function does not return.
 128              		@ args = 0, pretend = 0, frame = 0
 129              		@ frame_needed = 0, uses_anonymous_args = 0
 130              		@ link register save eliminated.
 131              	.L10:
 130:Core/Src/stm32h7xx_it.c ****   /* USER CODE BEGIN UsageFault_IRQn 0 */
 131:Core/Src/stm32h7xx_it.c **** 
 132:Core/Src/stm32h7xx_it.c ****   /* USER CODE END UsageFault_IRQn 0 */
 133:Core/Src/stm32h7xx_it.c ****   while (1)
 132              		.loc 1 133 3 discriminator 1 view .LVU15
 134:Core/Src/stm32h7xx_it.c ****   {
 135:Core/Src/stm32h7xx_it.c ****     /* USER CODE BEGIN W1_UsageFault_IRQn 0 */
 136:Core/Src/stm32h7xx_it.c ****     /* USER CODE END W1_UsageFault_IRQn 0 */
 137:Core/Src/stm32h7xx_it.c ****   }
 133              		.loc 1 137 3 discriminator 1 view .LVU16
 133:Core/Src/stm32h7xx_it.c ****   {
 134              		.loc 1 133 9 discriminator 1 view .LVU17
 135 0000 FEE7     		b	.L10
 136              		.cfi_endproc
 137              	.LFE145:
 139 0002 00BF     		.section	.text.SVC_Handler,"ax",%progbits
 140              		.align	1
 141              		.p2align 2,,3
 142              		.global	SVC_Handler
 143              		.syntax unified
 144              		.thumb
 145              		.thumb_func
 146              		.fpu fpv5-d16
 148              	SVC_Handler:
 149              	.LFB151:
 150              		.cfi_startproc
 151              		@ args = 0, pretend = 0, frame = 0
 152              		@ frame_needed = 0, uses_anonymous_args = 0
 153              		@ link register save eliminated.
 154 0000 7047     		bx	lr
 155              		.cfi_endproc
ARM GAS  /tmp/cctKpbaE.s 			page 6


 156              	.LFE151:
 158 0002 00BF     		.section	.text.DebugMon_Handler,"ax",%progbits
 159              		.align	1
 160              		.p2align 2,,3
 161              		.global	DebugMon_Handler
 162              		.syntax unified
 163              		.thumb
 164              		.thumb_func
 165              		.fpu fpv5-d16
 167              	DebugMon_Handler:
 168              	.LFB153:
 169              		.cfi_startproc
 170              		@ args = 0, pretend = 0, frame = 0
 171              		@ frame_needed = 0, uses_anonymous_args = 0
 172              		@ link register save eliminated.
 173 0000 7047     		bx	lr
 174              		.cfi_endproc
 175              	.LFE153:
 177 0002 00BF     		.section	.text.PendSV_Handler,"ax",%progbits
 178              		.align	1
 179              		.p2align 2,,3
 180              		.global	PendSV_Handler
 181              		.syntax unified
 182              		.thumb
 183              		.thumb_func
 184              		.fpu fpv5-d16
 186              	PendSV_Handler:
 187              	.LFB155:
 188              		.cfi_startproc
 189              		@ args = 0, pretend = 0, frame = 0
 190              		@ frame_needed = 0, uses_anonymous_args = 0
 191              		@ link register save eliminated.
 192 0000 7047     		bx	lr
 193              		.cfi_endproc
 194              	.LFE155:
 196 0002 00BF     		.section	.text.SysTick_Handler,"ax",%progbits
 197              		.align	1
 198              		.p2align 2,,3
 199              		.global	SysTick_Handler
 200              		.syntax unified
 201              		.thumb
 202              		.thumb_func
 203              		.fpu fpv5-d16
 205              	SysTick_Handler:
 206              	.LFB149:
 138:Core/Src/stm32h7xx_it.c **** }
 139:Core/Src/stm32h7xx_it.c **** 
 140:Core/Src/stm32h7xx_it.c **** /**
 141:Core/Src/stm32h7xx_it.c ****   * @brief This function handles System service call via SWI instruction.
 142:Core/Src/stm32h7xx_it.c ****   */
 143:Core/Src/stm32h7xx_it.c **** void SVC_Handler(void)
 144:Core/Src/stm32h7xx_it.c **** {
 145:Core/Src/stm32h7xx_it.c ****   /* USER CODE BEGIN SVCall_IRQn 0 */
 146:Core/Src/stm32h7xx_it.c **** 
 147:Core/Src/stm32h7xx_it.c ****   /* USER CODE END SVCall_IRQn 0 */
 148:Core/Src/stm32h7xx_it.c ****   /* USER CODE BEGIN SVCall_IRQn 1 */
 149:Core/Src/stm32h7xx_it.c **** 
ARM GAS  /tmp/cctKpbaE.s 			page 7


 150:Core/Src/stm32h7xx_it.c ****   /* USER CODE END SVCall_IRQn 1 */
 151:Core/Src/stm32h7xx_it.c **** }
 152:Core/Src/stm32h7xx_it.c **** 
 153:Core/Src/stm32h7xx_it.c **** /**
 154:Core/Src/stm32h7xx_it.c ****   * @brief This function handles Debug monitor.
 155:Core/Src/stm32h7xx_it.c ****   */
 156:Core/Src/stm32h7xx_it.c **** void DebugMon_Handler(void)
 157:Core/Src/stm32h7xx_it.c **** {
 158:Core/Src/stm32h7xx_it.c ****   /* USER CODE BEGIN DebugMonitor_IRQn 0 */
 159:Core/Src/stm32h7xx_it.c **** 
 160:Core/Src/stm32h7xx_it.c ****   /* USER CODE END DebugMonitor_IRQn 0 */
 161:Core/Src/stm32h7xx_it.c ****   /* USER CODE BEGIN DebugMonitor_IRQn 1 */
 162:Core/Src/stm32h7xx_it.c **** 
 163:Core/Src/stm32h7xx_it.c ****   /* USER CODE END DebugMonitor_IRQn 1 */
 164:Core/Src/stm32h7xx_it.c **** }
 165:Core/Src/stm32h7xx_it.c **** 
 166:Core/Src/stm32h7xx_it.c **** /**
 167:Core/Src/stm32h7xx_it.c ****   * @brief This function handles Pendable request for system service.
 168:Core/Src/stm32h7xx_it.c ****   */
 169:Core/Src/stm32h7xx_it.c **** void PendSV_Handler(void)
 170:Core/Src/stm32h7xx_it.c **** {
 171:Core/Src/stm32h7xx_it.c ****   /* USER CODE BEGIN PendSV_IRQn 0 */
 172:Core/Src/stm32h7xx_it.c **** 
 173:Core/Src/stm32h7xx_it.c ****   /* USER CODE END PendSV_IRQn 0 */
 174:Core/Src/stm32h7xx_it.c ****   /* USER CODE BEGIN PendSV_IRQn 1 */
 175:Core/Src/stm32h7xx_it.c **** 
 176:Core/Src/stm32h7xx_it.c ****   /* USER CODE END PendSV_IRQn 1 */
 177:Core/Src/stm32h7xx_it.c **** }
 178:Core/Src/stm32h7xx_it.c **** 
 179:Core/Src/stm32h7xx_it.c **** /**
 180:Core/Src/stm32h7xx_it.c ****   * @brief This function handles System tick timer.
 181:Core/Src/stm32h7xx_it.c ****   */
 182:Core/Src/stm32h7xx_it.c **** void SysTick_Handler(void)
 183:Core/Src/stm32h7xx_it.c **** {
 207              		.loc 1 183 1 view -0
 208              		.cfi_startproc
 209              		@ args = 0, pretend = 0, frame = 0
 210              		@ frame_needed = 0, uses_anonymous_args = 0
 211              		@ link register save eliminated.
 184:Core/Src/stm32h7xx_it.c ****   /* USER CODE BEGIN SysTick_IRQn 0 */
 185:Core/Src/stm32h7xx_it.c **** 
 186:Core/Src/stm32h7xx_it.c ****   /* USER CODE END SysTick_IRQn 0 */
 187:Core/Src/stm32h7xx_it.c ****   HAL_IncTick();
 212              		.loc 1 187 3 view .LVU19
 213 0000 FFF7FEBF 		b	HAL_IncTick
 214              	.LVL0:
 215              		.cfi_endproc
 216              	.LFE149:
 218              		.text
 219              	.Letext0:
 220              		.file 2 "/opt/gcc-arm-none-eabi/arm-none-eabi/include/machine/_default_types.h"
 221              		.file 3 "/opt/gcc-arm-none-eabi/arm-none-eabi/include/sys/_stdint.h"
 222              		.file 4 "Drivers/CMSIS/Include/core_cm7.h"
 223              		.file 5 "Drivers/CMSIS/Device/ST/STM32H7xx/Include/system_stm32h7xx.h"
 224              		.file 6 "/opt/gcc-arm-none-eabi/lib/gcc/arm-none-eabi/9.3.1/include/stddef.h"
 225              		.file 7 "/opt/gcc-arm-none-eabi/arm-none-eabi/include/sys/_types.h"
 226              		.file 8 "/opt/gcc-arm-none-eabi/arm-none-eabi/include/sys/reent.h"
ARM GAS  /tmp/cctKpbaE.s 			page 8


 227              		.file 9 "/opt/gcc-arm-none-eabi/arm-none-eabi/include/sys/lock.h"
 228              		.file 10 "Drivers/STM32H7xx_HAL_Driver/Inc/stm32h7xx_hal_def.h"
 229              		.file 11 "Drivers/STM32H7xx_HAL_Driver/Inc/stm32h7xx_hal_flash.h"
 230              		.file 12 "Drivers/STM32H7xx_HAL_Driver/Inc/stm32h7xx_hal.h"
ARM GAS  /tmp/cctKpbaE.s 			page 9


DEFINED SYMBOLS
                            *ABS*:0000000000000000 stm32h7xx_it.c
     /tmp/cctKpbaE.s:17     .text.NMI_Handler:0000000000000000 $t
     /tmp/cctKpbaE.s:26     .text.NMI_Handler:0000000000000000 NMI_Handler
     /tmp/cctKpbaE.s:40     .text.HardFault_Handler:0000000000000000 $t
     /tmp/cctKpbaE.s:48     .text.HardFault_Handler:0000000000000000 HardFault_Handler
     /tmp/cctKpbaE.s:65     .text.MemManage_Handler:0000000000000000 $t
     /tmp/cctKpbaE.s:73     .text.MemManage_Handler:0000000000000000 MemManage_Handler
     /tmp/cctKpbaE.s:90     .text.BusFault_Handler:0000000000000000 $t
     /tmp/cctKpbaE.s:98     .text.BusFault_Handler:0000000000000000 BusFault_Handler
     /tmp/cctKpbaE.s:115    .text.UsageFault_Handler:0000000000000000 $t
     /tmp/cctKpbaE.s:123    .text.UsageFault_Handler:0000000000000000 UsageFault_Handler
     /tmp/cctKpbaE.s:140    .text.SVC_Handler:0000000000000000 $t
     /tmp/cctKpbaE.s:148    .text.SVC_Handler:0000000000000000 SVC_Handler
     /tmp/cctKpbaE.s:159    .text.DebugMon_Handler:0000000000000000 $t
     /tmp/cctKpbaE.s:167    .text.DebugMon_Handler:0000000000000000 DebugMon_Handler
     /tmp/cctKpbaE.s:178    .text.PendSV_Handler:0000000000000000 $t
     /tmp/cctKpbaE.s:186    .text.PendSV_Handler:0000000000000000 PendSV_Handler
     /tmp/cctKpbaE.s:197    .text.SysTick_Handler:0000000000000000 $t
     /tmp/cctKpbaE.s:205    .text.SysTick_Handler:0000000000000000 SysTick_Handler

UNDEFINED SYMBOLS
HAL_IncTick
